{"C:\\Users\\tpqls\\2025-WSD-Project\\bookstore-backend\\docs\\swagger.js": {"path":"C:\\Users\\tpqls\\2025-WSD-Project\\bookstore-backend\\docs\\swagger.js","statementMap":{"0":{"start":{"line":1,"column":21},"end":{"line":1,"column":45}},"1":{"start":{"line":3,"column":16},"end":{"line":42,"column":1}},"2":{"start":{"line":44,"column":20},"end":{"line":44,"column":41}},"3":{"start":{"line":46,"column":0},"end":{"line":46,"column":29}}},"fnMap":{},"branchMap":{},"s":{"0":4,"1":4,"2":4,"3":4},"f":{},"b":{},"_coverageSchema":"1a1c01bbd47fc00a2c39e90264f33305004495a9","hash":"2634c7b1676348974ac0ef37409599c3446f13ca"}
,"C:\\Users\\tpqls\\2025-WSD-Project\\bookstore-backend\\src\\app.js": {"path":"C:\\Users\\tpqls\\2025-WSD-Project\\bookstore-backend\\src\\app.js","statementMap":{"0":{"start":{"line":1,"column":16},"end":{"line":1,"column":34}},"1":{"start":{"line":2,"column":13},"end":{"line":2,"column":28}},"2":{"start":{"line":3,"column":15},"end":{"line":3,"column":32}},"3":{"start":{"line":4,"column":15},"end":{"line":4,"column":32}},"4":{"start":{"line":6,"column":12},"end":{"line":6,"column":21}},"5":{"start":{"line":9,"column":0},"end":{"line":9,"column":18}},"6":{"start":{"line":10,"column":0},"end":{"line":10,"column":16}},"7":{"start":{"line":11,"column":0},"end":{"line":11,"column":23}},"8":{"start":{"line":12,"column":0},"end":{"line":12,"column":24}},"9":{"start":{"line":13,"column":0},"end":{"line":13,"column":48}},"10":{"start":{"line":16,"column":18},"end":{"line":16,"column":47}},"11":{"start":{"line":17,"column":20},"end":{"line":17,"column":46}},"12":{"start":{"line":20,"column":19},"end":{"line":20,"column":50}},"13":{"start":{"line":21,"column":19},"end":{"line":21,"column":50}},"14":{"start":{"line":22,"column":19},"end":{"line":22,"column":50}},"15":{"start":{"line":23,"column":20},"end":{"line":23,"column":52}},"16":{"start":{"line":24,"column":21},"end":{"line":24,"column":54}},"17":{"start":{"line":25,"column":22},"end":{"line":25,"column":56}},"18":{"start":{"line":26,"column":19},"end":{"line":26,"column":50}},"19":{"start":{"line":27,"column":23},"end":{"line":27,"column":58}},"20":{"start":{"line":28,"column":19},"end":{"line":28,"column":50}},"21":{"start":{"line":29,"column":20},"end":{"line":29,"column":52}},"22":{"start":{"line":32,"column":0},"end":{"line":32,"column":33}},"23":{"start":{"line":33,"column":0},"end":{"line":33,"column":34}},"24":{"start":{"line":34,"column":0},"end":{"line":34,"column":34}},"25":{"start":{"line":35,"column":0},"end":{"line":35,"column":36}},"26":{"start":{"line":36,"column":0},"end":{"line":36,"column":30}},"27":{"start":{"line":37,"column":0},"end":{"line":37,"column":31}},"28":{"start":{"line":38,"column":0},"end":{"line":38,"column":28}},"29":{"start":{"line":39,"column":0},"end":{"line":39,"column":41}},"30":{"start":{"line":40,"column":0},"end":{"line":40,"column":33}},"31":{"start":{"line":41,"column":0},"end":{"line":41,"column":35}},"32":{"start":{"line":44,"column":0},"end":{"line":51,"column":3}},"33":{"start":{"line":45,"column":4},"end":{"line":50,"column":7}},"34":{"start":{"line":54,"column":0},"end":{"line":54,"column":64}},"35":{"start":{"line":57,"column":27},"end":{"line":57,"column":71}},"36":{"start":{"line":58,"column":0},"end":{"line":58,"column":28}},"37":{"start":{"line":61,"column":24},"end":{"line":61,"column":65}},"38":{"start":{"line":62,"column":0},"end":{"line":62,"column":25}},"39":{"start":{"line":64,"column":0},"end":{"line":64,"column":21}}},"fnMap":{"0":{"name":"(anonymous_0)","decl":{"start":{"line":44,"column":19},"end":{"line":44,"column":20}},"loc":{"start":{"line":44,"column":33},"end":{"line":51,"column":1}},"line":44}},"branchMap":{},"s":{"0":4,"1":4,"2":4,"3":4,"4":4,"5":4,"6":4,"7":4,"8":4,"9":4,"10":4,"11":4,"12":4,"13":4,"14":4,"15":4,"16":4,"17":4,"18":4,"19":4,"20":4,"21":4,"22":4,"23":4,"24":4,"25":4,"26":4,"27":4,"28":4,"29":4,"30":4,"31":4,"32":4,"33":0,"34":4,"35":4,"36":4,"37":4,"38":4,"39":4},"f":{"0":0},"b":{},"_coverageSchema":"1a1c01bbd47fc00a2c39e90264f33305004495a9","hash":"df92a9722f25d36b4a24205a3bd34004d980c304"}
,"C:\\Users\\tpqls\\2025-WSD-Project\\bookstore-backend\\src\\controllers\\auth.controller.js": {"path":"C:\\Users\\tpqls\\2025-WSD-Project\\bookstore-backend\\src\\controllers\\auth.controller.js","statementMap":{"0":{"start":{"line":1,"column":20},"end":{"line":1,"column":55}},"1":{"start":{"line":3,"column":0},"end":{"line":10,"column":2}},"2":{"start":{"line":4,"column":4},"end":{"line":9,"column":5}},"3":{"start":{"line":5,"column":23},"end":{"line":5,"column":57}},"4":{"start":{"line":6,"column":8},"end":{"line":6,"column":37}},"5":{"start":{"line":8,"column":8},"end":{"line":8,"column":18}},"6":{"start":{"line":12,"column":0},"end":{"line":20,"column":2}},"7":{"start":{"line":13,"column":4},"end":{"line":19,"column":5}},"8":{"start":{"line":14,"column":36},"end":{"line":14,"column":44}},"9":{"start":{"line":15,"column":23},"end":{"line":15,"column":63}},"10":{"start":{"line":16,"column":8},"end":{"line":16,"column":37}},"11":{"start":{"line":18,"column":8},"end":{"line":18,"column":18}},"12":{"start":{"line":22,"column":0},"end":{"line":31,"column":2}},"13":{"start":{"line":23,"column":4},"end":{"line":30,"column":5}},"14":{"start":{"line":24,"column":8},"end":{"line":24,"column":46}},"15":{"start":{"line":25,"column":8},"end":{"line":27,"column":11}},"16":{"start":{"line":29,"column":8},"end":{"line":29,"column":18}},"17":{"start":{"line":33,"column":0},"end":{"line":41,"column":2}},"18":{"start":{"line":34,"column":4},"end":{"line":40,"column":5}},"19":{"start":{"line":35,"column":33},"end":{"line":35,"column":41}},"20":{"start":{"line":36,"column":23},"end":{"line":36,"column":62}},"21":{"start":{"line":37,"column":8},"end":{"line":37,"column":37}},"22":{"start":{"line":39,"column":8},"end":{"line":39,"column":18}}},"fnMap":{"0":{"name":"(anonymous_0)","decl":{"start":{"line":3,"column":17},"end":{"line":3,"column":18}},"loc":{"start":{"line":3,"column":43},"end":{"line":10,"column":1}},"line":3},"1":{"name":"(anonymous_1)","decl":{"start":{"line":12,"column":16},"end":{"line":12,"column":17}},"loc":{"start":{"line":12,"column":42},"end":{"line":20,"column":1}},"line":12},"2":{"name":"(anonymous_2)","decl":{"start":{"line":22,"column":17},"end":{"line":22,"column":18}},"loc":{"start":{"line":22,"column":43},"end":{"line":31,"column":1}},"line":22},"3":{"name":"(anonymous_3)","decl":{"start":{"line":33,"column":18},"end":{"line":33,"column":19}},"loc":{"start":{"line":33,"column":44},"end":{"line":41,"column":1}},"line":33}},"branchMap":{},"s":{"0":4,"1":4,"2":10,"3":10,"4":9,"5":1,"6":4,"7":12,"8":12,"9":12,"10":7,"11":5,"12":4,"13":1,"14":1,"15":1,"16":0,"17":4,"18":0,"19":0,"20":0,"21":0,"22":0},"f":{"0":10,"1":12,"2":1,"3":0},"b":{},"_coverageSchema":"1a1c01bbd47fc00a2c39e90264f33305004495a9","hash":"b3b8e4ed0b799275fbdf0ac3e8dd2473280412af"}
,"C:\\Users\\tpqls\\2025-WSD-Project\\bookstore-backend\\src\\controllers\\book.controller.js": {"path":"C:\\Users\\tpqls\\2025-WSD-Project\\bookstore-backend\\src\\controllers\\book.controller.js","statementMap":{"0":{"start":{"line":1,"column":20},"end":{"line":1,"column":55}},"1":{"start":{"line":3,"column":0},"end":{"line":10,"column":2}},"2":{"start":{"line":4,"column":4},"end":{"line":9,"column":5}},"3":{"start":{"line":5,"column":23},"end":{"line":5,"column":60}},"4":{"start":{"line":6,"column":8},"end":{"line":6,"column":37}},"5":{"start":{"line":8,"column":8},"end":{"line":8,"column":20}},"6":{"start":{"line":12,"column":0},"end":{"line":20,"column":2}},"7":{"start":{"line":13,"column":4},"end":{"line":19,"column":5}},"8":{"start":{"line":14,"column":23},"end":{"line":14,"column":33}},"9":{"start":{"line":15,"column":21},"end":{"line":15,"column":54}},"10":{"start":{"line":16,"column":8},"end":{"line":16,"column":35}},"11":{"start":{"line":18,"column":8},"end":{"line":18,"column":20}},"12":{"start":{"line":22,"column":0},"end":{"line":29,"column":2}},"13":{"start":{"line":23,"column":4},"end":{"line":28,"column":5}},"14":{"start":{"line":24,"column":21},"end":{"line":24,"column":72}},"15":{"start":{"line":25,"column":8},"end":{"line":25,"column":35}},"16":{"start":{"line":27,"column":8},"end":{"line":27,"column":20}},"17":{"start":{"line":31,"column":0},"end":{"line":39,"column":2}},"18":{"start":{"line":32,"column":4},"end":{"line":38,"column":5}},"19":{"start":{"line":33,"column":23},"end":{"line":33,"column":33}},"20":{"start":{"line":34,"column":21},"end":{"line":34,"column":63}},"21":{"start":{"line":35,"column":8},"end":{"line":35,"column":35}},"22":{"start":{"line":37,"column":8},"end":{"line":37,"column":20}},"23":{"start":{"line":41,"column":0},"end":{"line":51,"column":2}},"24":{"start":{"line":42,"column":4},"end":{"line":50,"column":5}},"25":{"start":{"line":43,"column":23},"end":{"line":43,"column":33}},"26":{"start":{"line":44,"column":8},"end":{"line":44,"column":41}},"27":{"start":{"line":45,"column":8},"end":{"line":47,"column":11}},"28":{"start":{"line":49,"column":8},"end":{"line":49,"column":20}}},"fnMap":{"0":{"name":"(anonymous_0)","decl":{"start":{"line":3,"column":19},"end":{"line":3,"column":20}},"loc":{"start":{"line":3,"column":45},"end":{"line":10,"column":1}},"line":3},"1":{"name":"(anonymous_1)","decl":{"start":{"line":12,"column":22},"end":{"line":12,"column":23}},"loc":{"start":{"line":12,"column":48},"end":{"line":20,"column":1}},"line":12},"2":{"name":"(anonymous_2)","decl":{"start":{"line":22,"column":21},"end":{"line":22,"column":22}},"loc":{"start":{"line":22,"column":47},"end":{"line":29,"column":1}},"line":22},"3":{"name":"(anonymous_3)","decl":{"start":{"line":31,"column":21},"end":{"line":31,"column":22}},"loc":{"start":{"line":31,"column":47},"end":{"line":39,"column":1}},"line":31},"4":{"name":"(anonymous_4)","decl":{"start":{"line":41,"column":21},"end":{"line":41,"column":22}},"loc":{"start":{"line":41,"column":47},"end":{"line":51,"column":1}},"line":41}},"branchMap":{},"s":{"0":4,"1":4,"2":3,"3":3,"4":3,"5":0,"6":4,"7":0,"8":0,"9":0,"10":0,"11":0,"12":4,"13":3,"14":3,"15":3,"16":0,"17":4,"18":1,"19":1,"20":1,"21":1,"22":0,"23":4,"24":0,"25":0,"26":0,"27":0,"28":0},"f":{"0":3,"1":0,"2":3,"3":1,"4":0},"b":{},"_coverageSchema":"1a1c01bbd47fc00a2c39e90264f33305004495a9","hash":"331087b6de569433437cd3bfa53364043ceb2280"}
,"C:\\Users\\tpqls\\2025-WSD-Project\\bookstore-backend\\src\\controllers\\cart.controller.js": {"path":"C:\\Users\\tpqls\\2025-WSD-Project\\bookstore-backend\\src\\controllers\\cart.controller.js","statementMap":{"0":{"start":{"line":1,"column":20},"end":{"line":1,"column":55}},"1":{"start":{"line":3,"column":0},"end":{"line":10,"column":2}},"2":{"start":{"line":4,"column":4},"end":{"line":9,"column":5}},"3":{"start":{"line":5,"column":23},"end":{"line":5,"column":73}},"4":{"start":{"line":6,"column":8},"end":{"line":6,"column":37}},"5":{"start":{"line":8,"column":8},"end":{"line":8,"column":18}},"6":{"start":{"line":12,"column":0},"end":{"line":19,"column":2}},"7":{"start":{"line":13,"column":4},"end":{"line":18,"column":5}},"8":{"start":{"line":14,"column":21},"end":{"line":14,"column":61}},"9":{"start":{"line":15,"column":8},"end":{"line":15,"column":35}},"10":{"start":{"line":17,"column":8},"end":{"line":17,"column":18}},"11":{"start":{"line":21,"column":0},"end":{"line":29,"column":2}},"12":{"start":{"line":22,"column":4},"end":{"line":28,"column":5}},"13":{"start":{"line":23,"column":23},"end":{"line":23,"column":33}},"14":{"start":{"line":24,"column":23},"end":{"line":24,"column":82}},"15":{"start":{"line":25,"column":8},"end":{"line":25,"column":37}},"16":{"start":{"line":27,"column":8},"end":{"line":27,"column":18}},"17":{"start":{"line":31,"column":0},"end":{"line":39,"column":2}},"18":{"start":{"line":32,"column":4},"end":{"line":38,"column":5}},"19":{"start":{"line":33,"column":23},"end":{"line":33,"column":33}},"20":{"start":{"line":34,"column":23},"end":{"line":34,"column":72}},"21":{"start":{"line":35,"column":8},"end":{"line":35,"column":37}},"22":{"start":{"line":37,"column":8},"end":{"line":37,"column":18}},"23":{"start":{"line":41,"column":0},"end":{"line":48,"column":2}},"24":{"start":{"line":42,"column":4},"end":{"line":47,"column":5}},"25":{"start":{"line":43,"column":23},"end":{"line":43,"column":63}},"26":{"start":{"line":44,"column":8},"end":{"line":44,"column":37}},"27":{"start":{"line":46,"column":8},"end":{"line":46,"column":18}},"28":{"start":{"line":50,"column":0},"end":{"line":50,"column":25}}},"fnMap":{"0":{"name":"(anonymous_0)","decl":{"start":{"line":3,"column":20},"end":{"line":3,"column":21}},"loc":{"start":{"line":3,"column":46},"end":{"line":10,"column":1}},"line":3},"1":{"name":"(anonymous_1)","decl":{"start":{"line":12,"column":20},"end":{"line":12,"column":21}},"loc":{"start":{"line":12,"column":46},"end":{"line":19,"column":1}},"line":12},"2":{"name":"(anonymous_2)","decl":{"start":{"line":21,"column":25},"end":{"line":21,"column":26}},"loc":{"start":{"line":21,"column":51},"end":{"line":29,"column":1}},"line":21},"3":{"name":"(anonymous_3)","decl":{"start":{"line":31,"column":25},"end":{"line":31,"column":26}},"loc":{"start":{"line":31,"column":51},"end":{"line":39,"column":1}},"line":31},"4":{"name":"(anonymous_4)","decl":{"start":{"line":41,"column":20},"end":{"line":41,"column":21}},"loc":{"start":{"line":41,"column":46},"end":{"line":48,"column":1}},"line":41}},"branchMap":{},"s":{"0":4,"1":4,"2":0,"3":0,"4":0,"5":0,"6":4,"7":0,"8":0,"9":0,"10":0,"11":4,"12":0,"13":0,"14":0,"15":0,"16":0,"17":4,"18":0,"19":0,"20":0,"21":0,"22":0,"23":4,"24":0,"25":0,"26":0,"27":0,"28":4},"f":{"0":0,"1":0,"2":0,"3":0,"4":0},"b":{},"_coverageSchema":"1a1c01bbd47fc00a2c39e90264f33305004495a9","hash":"e474fe4f15f3fac5e16e5130bbb2b02bd3904b6d"}
,"C:\\Users\\tpqls\\2025-WSD-Project\\bookstore-backend\\src\\controllers\\comment.controller.js": {"path":"C:\\Users\\tpqls\\2025-WSD-Project\\bookstore-backend\\src\\controllers\\comment.controller.js","statementMap":{"0":{"start":{"line":1,"column":23},"end":{"line":1,"column":61}},"1":{"start":{"line":3,"column":0},"end":{"line":11,"column":2}},"2":{"start":{"line":4,"column":4},"end":{"line":10,"column":5}},"3":{"start":{"line":5,"column":29},"end":{"line":5,"column":39}},"4":{"start":{"line":6,"column":24},"end":{"line":6,"column":91}},"5":{"start":{"line":7,"column":8},"end":{"line":7,"column":38}},"6":{"start":{"line":9,"column":8},"end":{"line":9,"column":18}},"7":{"start":{"line":13,"column":0},"end":{"line":21,"column":2}},"8":{"start":{"line":14,"column":4},"end":{"line":20,"column":5}},"9":{"start":{"line":15,"column":29},"end":{"line":15,"column":39}},"10":{"start":{"line":16,"column":25},"end":{"line":16,"column":84}},"11":{"start":{"line":17,"column":8},"end":{"line":17,"column":39}},"12":{"start":{"line":19,"column":8},"end":{"line":19,"column":18}},"13":{"start":{"line":23,"column":0},"end":{"line":31,"column":2}},"14":{"start":{"line":24,"column":4},"end":{"line":30,"column":5}},"15":{"start":{"line":25,"column":23},"end":{"line":25,"column":33}},"16":{"start":{"line":26,"column":24},"end":{"line":26,"column":85}},"17":{"start":{"line":27,"column":8},"end":{"line":27,"column":38}},"18":{"start":{"line":29,"column":8},"end":{"line":29,"column":18}},"19":{"start":{"line":33,"column":0},"end":{"line":41,"column":2}},"20":{"start":{"line":34,"column":4},"end":{"line":40,"column":5}},"21":{"start":{"line":35,"column":23},"end":{"line":35,"column":33}},"22":{"start":{"line":36,"column":8},"end":{"line":36,"column":60}},"23":{"start":{"line":37,"column":8},"end":{"line":37,"column":58}},"24":{"start":{"line":39,"column":8},"end":{"line":39,"column":18}},"25":{"start":{"line":43,"column":0},"end":{"line":50,"column":2}},"26":{"start":{"line":44,"column":4},"end":{"line":49,"column":5}},"27":{"start":{"line":45,"column":25},"end":{"line":45,"column":83}},"28":{"start":{"line":46,"column":8},"end":{"line":46,"column":39}},"29":{"start":{"line":48,"column":8},"end":{"line":48,"column":18}}},"fnMap":{"0":{"name":"(anonymous_0)","decl":{"start":{"line":3,"column":24},"end":{"line":3,"column":25}},"loc":{"start":{"line":3,"column":50},"end":{"line":11,"column":1}},"line":3},"1":{"name":"(anonymous_1)","decl":{"start":{"line":13,"column":28},"end":{"line":13,"column":29}},"loc":{"start":{"line":13,"column":54},"end":{"line":21,"column":1}},"line":13},"2":{"name":"(anonymous_2)","decl":{"start":{"line":23,"column":24},"end":{"line":23,"column":25}},"loc":{"start":{"line":23,"column":50},"end":{"line":31,"column":1}},"line":23},"3":{"name":"(anonymous_3)","decl":{"start":{"line":33,"column":24},"end":{"line":33,"column":25}},"loc":{"start":{"line":33,"column":50},"end":{"line":41,"column":1}},"line":33},"4":{"name":"(anonymous_4)","decl":{"start":{"line":43,"column":24},"end":{"line":43,"column":25}},"loc":{"start":{"line":43,"column":50},"end":{"line":50,"column":1}},"line":43}},"branchMap":{},"s":{"0":4,"1":4,"2":0,"3":0,"4":0,"5":0,"6":0,"7":4,"8":0,"9":0,"10":0,"11":0,"12":0,"13":4,"14":0,"15":0,"16":0,"17":0,"18":0,"19":4,"20":0,"21":0,"22":0,"23":0,"24":0,"25":4,"26":0,"27":0,"28":0,"29":0},"f":{"0":0,"1":0,"2":0,"3":0,"4":0},"b":{},"_coverageSchema":"1a1c01bbd47fc00a2c39e90264f33305004495a9","hash":"25f4cad945c3a335d52f7348b7dafa6195dbc106"}
,"C:\\Users\\tpqls\\2025-WSD-Project\\bookstore-backend\\src\\controllers\\like.controller.js": {"path":"C:\\Users\\tpqls\\2025-WSD-Project\\bookstore-backend\\src\\controllers\\like.controller.js","statementMap":{"0":{"start":{"line":1,"column":20},"end":{"line":1,"column":55}},"1":{"start":{"line":3,"column":0},"end":{"line":11,"column":2}},"2":{"start":{"line":4,"column":4},"end":{"line":10,"column":5}},"3":{"start":{"line":5,"column":23},"end":{"line":5,"column":33}},"4":{"start":{"line":6,"column":23},"end":{"line":6,"column":74}},"5":{"start":{"line":7,"column":8},"end":{"line":7,"column":37}},"6":{"start":{"line":9,"column":8},"end":{"line":9,"column":18}},"7":{"start":{"line":13,"column":0},"end":{"line":21,"column":2}},"8":{"start":{"line":14,"column":4},"end":{"line":20,"column":5}},"9":{"start":{"line":15,"column":23},"end":{"line":15,"column":33}},"10":{"start":{"line":16,"column":23},"end":{"line":16,"column":75}},"11":{"start":{"line":17,"column":8},"end":{"line":17,"column":37}},"12":{"start":{"line":19,"column":8},"end":{"line":19,"column":18}},"13":{"start":{"line":23,"column":0},"end":{"line":23,"column":25}}},"fnMap":{"0":{"name":"(anonymous_0)","decl":{"start":{"line":3,"column":27},"end":{"line":3,"column":28}},"loc":{"start":{"line":3,"column":53},"end":{"line":11,"column":1}},"line":3},"1":{"name":"(anonymous_1)","decl":{"start":{"line":13,"column":28},"end":{"line":13,"column":29}},"loc":{"start":{"line":13,"column":54},"end":{"line":21,"column":1}},"line":13}},"branchMap":{},"s":{"0":4,"1":4,"2":0,"3":0,"4":0,"5":0,"6":0,"7":4,"8":0,"9":0,"10":0,"11":0,"12":0,"13":4},"f":{"0":0,"1":0},"b":{},"_coverageSchema":"1a1c01bbd47fc00a2c39e90264f33305004495a9","hash":"c21611faa9cc04f77d90180c46f46a5de6a78b3c"}
,"C:\\Users\\tpqls\\2025-WSD-Project\\bookstore-backend\\src\\controllers\\order.controller.js": {"path":"C:\\Users\\tpqls\\2025-WSD-Project\\bookstore-backend\\src\\controllers\\order.controller.js","statementMap":{"0":{"start":{"line":1,"column":21},"end":{"line":1,"column":57}},"1":{"start":{"line":3,"column":0},"end":{"line":10,"column":2}},"2":{"start":{"line":4,"column":4},"end":{"line":9,"column":5}},"3":{"start":{"line":5,"column":22},"end":{"line":5,"column":81}},"4":{"start":{"line":6,"column":8},"end":{"line":6,"column":36}},"5":{"start":{"line":8,"column":8},"end":{"line":8,"column":18}},"6":{"start":{"line":12,"column":0},"end":{"line":19,"column":2}},"7":{"start":{"line":13,"column":4},"end":{"line":18,"column":5}},"8":{"start":{"line":14,"column":23},"end":{"line":14,"column":77}},"9":{"start":{"line":15,"column":8},"end":{"line":15,"column":37}},"10":{"start":{"line":17,"column":8},"end":{"line":17,"column":18}},"11":{"start":{"line":21,"column":0},"end":{"line":29,"column":2}},"12":{"start":{"line":22,"column":4},"end":{"line":28,"column":5}},"13":{"start":{"line":23,"column":23},"end":{"line":23,"column":33}},"14":{"start":{"line":24,"column":22},"end":{"line":24,"column":70}},"15":{"start":{"line":25,"column":8},"end":{"line":25,"column":36}},"16":{"start":{"line":27,"column":8},"end":{"line":27,"column":18}},"17":{"start":{"line":31,"column":0},"end":{"line":40,"column":2}},"18":{"start":{"line":32,"column":4},"end":{"line":39,"column":5}},"19":{"start":{"line":33,"column":23},"end":{"line":33,"column":33}},"20":{"start":{"line":34,"column":27},"end":{"line":34,"column":35}},"21":{"start":{"line":35,"column":22},"end":{"line":35,"column":70}},"22":{"start":{"line":36,"column":8},"end":{"line":36,"column":36}},"23":{"start":{"line":38,"column":8},"end":{"line":38,"column":18}},"24":{"start":{"line":43,"column":0},"end":{"line":50,"column":2}},"25":{"start":{"line":44,"column":4},"end":{"line":49,"column":5}},"26":{"start":{"line":45,"column":23},"end":{"line":45,"column":65}},"27":{"start":{"line":46,"column":8},"end":{"line":46,"column":37}},"28":{"start":{"line":48,"column":8},"end":{"line":48,"column":18}}},"fnMap":{"0":{"name":"(anonymous_0)","decl":{"start":{"line":3,"column":22},"end":{"line":3,"column":23}},"loc":{"start":{"line":3,"column":48},"end":{"line":10,"column":1}},"line":3},"1":{"name":"(anonymous_1)","decl":{"start":{"line":12,"column":22},"end":{"line":12,"column":23}},"loc":{"start":{"line":12,"column":48},"end":{"line":19,"column":1}},"line":12},"2":{"name":"(anonymous_2)","decl":{"start":{"line":21,"column":23},"end":{"line":21,"column":24}},"loc":{"start":{"line":21,"column":49},"end":{"line":29,"column":1}},"line":21},"3":{"name":"(anonymous_3)","decl":{"start":{"line":31,"column":28},"end":{"line":31,"column":29}},"loc":{"start":{"line":31,"column":54},"end":{"line":40,"column":1}},"line":31},"4":{"name":"(anonymous_4)","decl":{"start":{"line":43,"column":23},"end":{"line":43,"column":24}},"loc":{"start":{"line":43,"column":49},"end":{"line":50,"column":1}},"line":43}},"branchMap":{},"s":{"0":4,"1":4,"2":1,"3":1,"4":1,"5":0,"6":4,"7":1,"8":1,"9":1,"10":0,"11":4,"12":0,"13":0,"14":0,"15":0,"16":0,"17":4,"18":0,"19":0,"20":0,"21":0,"22":0,"23":0,"24":4,"25":0,"26":0,"27":0,"28":0},"f":{"0":1,"1":1,"2":0,"3":0,"4":0},"b":{},"_coverageSchema":"1a1c01bbd47fc00a2c39e90264f33305004495a9","hash":"8eed3d68676dca1382b1712327cdcc8ab8a35db0"}
,"C:\\Users\\tpqls\\2025-WSD-Project\\bookstore-backend\\src\\controllers\\review.controller.js": {"path":"C:\\Users\\tpqls\\2025-WSD-Project\\bookstore-backend\\src\\controllers\\review.controller.js","statementMap":{"0":{"start":{"line":1,"column":22},"end":{"line":1,"column":59}},"1":{"start":{"line":3,"column":0},"end":{"line":11,"column":2}},"2":{"start":{"line":4,"column":4},"end":{"line":10,"column":5}},"3":{"start":{"line":5,"column":27},"end":{"line":5,"column":37}},"4":{"start":{"line":6,"column":23},"end":{"line":6,"column":86}},"5":{"start":{"line":7,"column":8},"end":{"line":7,"column":37}},"6":{"start":{"line":9,"column":8},"end":{"line":9,"column":18}},"7":{"start":{"line":13,"column":0},"end":{"line":21,"column":2}},"8":{"start":{"line":14,"column":4},"end":{"line":20,"column":5}},"9":{"start":{"line":15,"column":27},"end":{"line":15,"column":37}},"10":{"start":{"line":16,"column":24},"end":{"line":16,"column":77}},"11":{"start":{"line":17,"column":8},"end":{"line":17,"column":38}},"12":{"start":{"line":19,"column":8},"end":{"line":19,"column":18}},"13":{"start":{"line":23,"column":0},"end":{"line":31,"column":2}},"14":{"start":{"line":24,"column":4},"end":{"line":30,"column":5}},"15":{"start":{"line":25,"column":23},"end":{"line":25,"column":33}},"16":{"start":{"line":26,"column":23},"end":{"line":26,"column":60}},"17":{"start":{"line":27,"column":8},"end":{"line":27,"column":37}},"18":{"start":{"line":29,"column":8},"end":{"line":29,"column":18}},"19":{"start":{"line":33,"column":0},"end":{"line":41,"column":2}},"20":{"start":{"line":34,"column":4},"end":{"line":40,"column":5}},"21":{"start":{"line":35,"column":23},"end":{"line":35,"column":33}},"22":{"start":{"line":36,"column":23},"end":{"line":36,"column":82}},"23":{"start":{"line":37,"column":8},"end":{"line":37,"column":37}},"24":{"start":{"line":39,"column":8},"end":{"line":39,"column":18}},"25":{"start":{"line":43,"column":0},"end":{"line":51,"column":2}},"26":{"start":{"line":44,"column":4},"end":{"line":50,"column":5}},"27":{"start":{"line":45,"column":23},"end":{"line":45,"column":33}},"28":{"start":{"line":46,"column":8},"end":{"line":46,"column":58}},"29":{"start":{"line":47,"column":8},"end":{"line":47,"column":58}},"30":{"start":{"line":49,"column":8},"end":{"line":49,"column":18}},"31":{"start":{"line":53,"column":0},"end":{"line":60,"column":2}},"32":{"start":{"line":54,"column":4},"end":{"line":59,"column":5}},"33":{"start":{"line":55,"column":24},"end":{"line":55,"column":80}},"34":{"start":{"line":56,"column":8},"end":{"line":56,"column":38}},"35":{"start":{"line":58,"column":8},"end":{"line":58,"column":18}}},"fnMap":{"0":{"name":"(anonymous_0)","decl":{"start":{"line":3,"column":23},"end":{"line":3,"column":24}},"loc":{"start":{"line":3,"column":49},"end":{"line":11,"column":1}},"line":3},"1":{"name":"(anonymous_1)","decl":{"start":{"line":13,"column":25},"end":{"line":13,"column":26}},"loc":{"start":{"line":13,"column":51},"end":{"line":21,"column":1}},"line":13},"2":{"name":"(anonymous_2)","decl":{"start":{"line":23,"column":24},"end":{"line":23,"column":25}},"loc":{"start":{"line":23,"column":50},"end":{"line":31,"column":1}},"line":23},"3":{"name":"(anonymous_3)","decl":{"start":{"line":33,"column":23},"end":{"line":33,"column":24}},"loc":{"start":{"line":33,"column":49},"end":{"line":41,"column":1}},"line":33},"4":{"name":"(anonymous_4)","decl":{"start":{"line":43,"column":23},"end":{"line":43,"column":24}},"loc":{"start":{"line":43,"column":49},"end":{"line":51,"column":1}},"line":43},"5":{"name":"(anonymous_5)","decl":{"start":{"line":53,"column":23},"end":{"line":53,"column":24}},"loc":{"start":{"line":53,"column":49},"end":{"line":60,"column":1}},"line":53}},"branchMap":{},"s":{"0":4,"1":4,"2":0,"3":0,"4":0,"5":0,"6":0,"7":4,"8":0,"9":0,"10":0,"11":0,"12":0,"13":4,"14":0,"15":0,"16":0,"17":0,"18":0,"19":4,"20":0,"21":0,"22":0,"23":0,"24":0,"25":4,"26":0,"27":0,"28":0,"29":0,"30":0,"31":4,"32":0,"33":0,"34":0,"35":0},"f":{"0":0,"1":0,"2":0,"3":0,"4":0,"5":0},"b":{},"_coverageSchema":"1a1c01bbd47fc00a2c39e90264f33305004495a9","hash":"652a066d48ad1401d098a4c245085009ece884d7"}
,"C:\\Users\\tpqls\\2025-WSD-Project\\bookstore-backend\\src\\controllers\\stats.controller.js": {"path":"C:\\Users\\tpqls\\2025-WSD-Project\\bookstore-backend\\src\\controllers\\stats.controller.js","statementMap":{"0":{"start":{"line":1,"column":21},"end":{"line":1,"column":57}},"1":{"start":{"line":3,"column":0},"end":{"line":10,"column":2}},"2":{"start":{"line":4,"column":4},"end":{"line":9,"column":5}},"3":{"start":{"line":5,"column":22},"end":{"line":5,"column":55}},"4":{"start":{"line":6,"column":8},"end":{"line":6,"column":36}},"5":{"start":{"line":8,"column":8},"end":{"line":8,"column":18}},"6":{"start":{"line":12,"column":0},"end":{"line":19,"column":2}},"7":{"start":{"line":13,"column":4},"end":{"line":18,"column":5}},"8":{"start":{"line":14,"column":22},"end":{"line":14,"column":55}},"9":{"start":{"line":15,"column":8},"end":{"line":15,"column":36}},"10":{"start":{"line":17,"column":8},"end":{"line":17,"column":18}},"11":{"start":{"line":21,"column":0},"end":{"line":28,"column":2}},"12":{"start":{"line":22,"column":4},"end":{"line":27,"column":5}},"13":{"start":{"line":23,"column":22},"end":{"line":23,"column":56}},"14":{"start":{"line":24,"column":8},"end":{"line":24,"column":36}},"15":{"start":{"line":26,"column":8},"end":{"line":26,"column":18}},"16":{"start":{"line":30,"column":0},"end":{"line":30,"column":25}}},"fnMap":{"0":{"name":"(anonymous_0)","decl":{"start":{"line":3,"column":23},"end":{"line":3,"column":24}},"loc":{"start":{"line":3,"column":49},"end":{"line":10,"column":1}},"line":3},"1":{"name":"(anonymous_1)","decl":{"start":{"line":12,"column":23},"end":{"line":12,"column":24}},"loc":{"start":{"line":12,"column":49},"end":{"line":19,"column":1}},"line":12},"2":{"name":"(anonymous_2)","decl":{"start":{"line":21,"column":24},"end":{"line":21,"column":25}},"loc":{"start":{"line":21,"column":50},"end":{"line":28,"column":1}},"line":21}},"branchMap":{},"s":{"0":4,"1":4,"2":0,"3":0,"4":0,"5":0,"6":4,"7":0,"8":0,"9":0,"10":0,"11":4,"12":0,"13":0,"14":0,"15":0,"16":4},"f":{"0":0,"1":0,"2":0},"b":{},"_coverageSchema":"1a1c01bbd47fc00a2c39e90264f33305004495a9","hash":"2f091a7964703c4d2038be98ebf4b4aa60be36fa"}
,"C:\\Users\\tpqls\\2025-WSD-Project\\bookstore-backend\\src\\controllers\\user.controller.js": {"path":"C:\\Users\\tpqls\\2025-WSD-Project\\bookstore-backend\\src\\controllers\\user.controller.js","statementMap":{"0":{"start":{"line":1,"column":20},"end":{"line":1,"column":55}},"1":{"start":{"line":3,"column":0},"end":{"line":10,"column":2}},"2":{"start":{"line":4,"column":4},"end":{"line":9,"column":5}},"3":{"start":{"line":5,"column":21},"end":{"line":5,"column":57}},"4":{"start":{"line":6,"column":8},"end":{"line":6,"column":35}},"5":{"start":{"line":8,"column":8},"end":{"line":8,"column":18}},"6":{"start":{"line":12,"column":0},"end":{"line":19,"column":2}},"7":{"start":{"line":13,"column":4},"end":{"line":18,"column":5}},"8":{"start":{"line":14,"column":21},"end":{"line":14,"column":70}},"9":{"start":{"line":15,"column":8},"end":{"line":15,"column":35}},"10":{"start":{"line":17,"column":8},"end":{"line":17,"column":18}},"11":{"start":{"line":21,"column":0},"end":{"line":30,"column":2}},"12":{"start":{"line":22,"column":4},"end":{"line":29,"column":5}},"13":{"start":{"line":23,"column":8},"end":{"line":23,"column":48}},"14":{"start":{"line":24,"column":8},"end":{"line":26,"column":11}},"15":{"start":{"line":28,"column":8},"end":{"line":28,"column":18}},"16":{"start":{"line":33,"column":0},"end":{"line":40,"column":2}},"17":{"start":{"line":34,"column":4},"end":{"line":39,"column":5}},"18":{"start":{"line":35,"column":22},"end":{"line":35,"column":59}},"19":{"start":{"line":36,"column":8},"end":{"line":36,"column":36}},"20":{"start":{"line":38,"column":8},"end":{"line":38,"column":18}},"21":{"start":{"line":42,"column":0},"end":{"line":49,"column":2}},"22":{"start":{"line":43,"column":4},"end":{"line":48,"column":5}},"23":{"start":{"line":44,"column":21},"end":{"line":44,"column":65}},"24":{"start":{"line":45,"column":8},"end":{"line":45,"column":35}},"25":{"start":{"line":47,"column":8},"end":{"line":47,"column":18}},"26":{"start":{"line":51,"column":0},"end":{"line":64,"column":2}},"27":{"start":{"line":52,"column":4},"end":{"line":63,"column":5}},"28":{"start":{"line":53,"column":23},"end":{"line":53,"column":33}},"29":{"start":{"line":54,"column":27},"end":{"line":54,"column":35}},"30":{"start":{"line":56,"column":8},"end":{"line":56,"column":55}},"31":{"start":{"line":58,"column":8},"end":{"line":60,"column":11}},"32":{"start":{"line":62,"column":8},"end":{"line":62,"column":18}}},"fnMap":{"0":{"name":"(anonymous_0)","decl":{"start":{"line":3,"column":16},"end":{"line":3,"column":17}},"loc":{"start":{"line":3,"column":42},"end":{"line":10,"column":1}},"line":3},"1":{"name":"(anonymous_1)","decl":{"start":{"line":12,"column":19},"end":{"line":12,"column":20}},"loc":{"start":{"line":12,"column":45},"end":{"line":19,"column":1}},"line":12},"2":{"name":"(anonymous_2)","decl":{"start":{"line":21,"column":19},"end":{"line":21,"column":20}},"loc":{"start":{"line":21,"column":45},"end":{"line":30,"column":1}},"line":21},"3":{"name":"(anonymous_3)","decl":{"start":{"line":33,"column":19},"end":{"line":33,"column":20}},"loc":{"start":{"line":33,"column":45},"end":{"line":40,"column":1}},"line":33},"4":{"name":"(anonymous_4)","decl":{"start":{"line":42,"column":22},"end":{"line":42,"column":23}},"loc":{"start":{"line":42,"column":48},"end":{"line":49,"column":1}},"line":42},"5":{"name":"(anonymous_5)","decl":{"start":{"line":51,"column":27},"end":{"line":51,"column":28}},"loc":{"start":{"line":51,"column":53},"end":{"line":64,"column":1}},"line":51}},"branchMap":{},"s":{"0":4,"1":4,"2":1,"3":1,"4":1,"5":0,"6":4,"7":1,"8":1,"9":1,"10":0,"11":4,"12":1,"13":1,"14":1,"15":0,"16":4,"17":0,"18":0,"19":0,"20":0,"21":4,"22":0,"23":0,"24":0,"25":0,"26":4,"27":0,"28":0,"29":0,"30":0,"31":0,"32":0},"f":{"0":1,"1":1,"2":1,"3":0,"4":0,"5":0},"b":{},"_coverageSchema":"1a1c01bbd47fc00a2c39e90264f33305004495a9","hash":"a46cc87b85d61349f94cc6b4260bfb12b1c4bdf1"}
,"C:\\Users\\tpqls\\2025-WSD-Project\\bookstore-backend\\src\\controllers\\wishlist.controller.js": {"path":"C:\\Users\\tpqls\\2025-WSD-Project\\bookstore-backend\\src\\controllers\\wishlist.controller.js","statementMap":{"0":{"start":{"line":1,"column":24},"end":{"line":1,"column":63}},"1":{"start":{"line":3,"column":0},"end":{"line":11,"column":2}},"2":{"start":{"line":4,"column":4},"end":{"line":10,"column":5}},"3":{"start":{"line":5,"column":28},"end":{"line":5,"column":36}},"4":{"start":{"line":6,"column":23},"end":{"line":6,"column":80}},"5":{"start":{"line":7,"column":8},"end":{"line":7,"column":37}},"6":{"start":{"line":9,"column":8},"end":{"line":9,"column":18}},"7":{"start":{"line":13,"column":0},"end":{"line":20,"column":2}},"8":{"start":{"line":14,"column":4},"end":{"line":19,"column":5}},"9":{"start":{"line":15,"column":25},"end":{"line":15,"column":84}},"10":{"start":{"line":16,"column":8},"end":{"line":16,"column":39}},"11":{"start":{"line":18,"column":8},"end":{"line":18,"column":18}},"12":{"start":{"line":22,"column":0},"end":{"line":30,"column":2}},"13":{"start":{"line":23,"column":4},"end":{"line":29,"column":5}},"14":{"start":{"line":24,"column":27},"end":{"line":24,"column":37}},"15":{"start":{"line":25,"column":23},"end":{"line":25,"column":84}},"16":{"start":{"line":26,"column":8},"end":{"line":26,"column":37}},"17":{"start":{"line":28,"column":8},"end":{"line":28,"column":18}},"18":{"start":{"line":32,"column":0},"end":{"line":32,"column":25}}},"fnMap":{"0":{"name":"(anonymous_0)","decl":{"start":{"line":3,"column":24},"end":{"line":3,"column":25}},"loc":{"start":{"line":3,"column":50},"end":{"line":11,"column":1}},"line":3},"1":{"name":"(anonymous_1)","decl":{"start":{"line":13,"column":24},"end":{"line":13,"column":25}},"loc":{"start":{"line":13,"column":50},"end":{"line":20,"column":1}},"line":13},"2":{"name":"(anonymous_2)","decl":{"start":{"line":22,"column":29},"end":{"line":22,"column":30}},"loc":{"start":{"line":22,"column":55},"end":{"line":30,"column":1}},"line":22}},"branchMap":{},"s":{"0":4,"1":4,"2":0,"3":0,"4":0,"5":0,"6":0,"7":4,"8":0,"9":0,"10":0,"11":0,"12":4,"13":0,"14":0,"15":0,"16":0,"17":0,"18":4},"f":{"0":0,"1":0,"2":0},"b":{},"_coverageSchema":"1a1c01bbd47fc00a2c39e90264f33305004495a9","hash":"c05496c23edfe5f21b3ad677b8ed7f26d8f37411"}
,"C:\\Users\\tpqls\\2025-WSD-Project\\bookstore-backend\\src\\middlewares\\auth.middleware.js": {"path":"C:\\Users\\tpqls\\2025-WSD-Project\\bookstore-backend\\src\\middlewares\\auth.middleware.js","statementMap":{"0":{"start":{"line":1,"column":12},"end":{"line":1,"column":35}},"1":{"start":{"line":2,"column":17},"end":{"line":2,"column":37}},"2":{"start":{"line":7,"column":0},"end":{"line":51,"column":2}},"3":{"start":{"line":8,"column":17},"end":{"line":8,"column":42}},"4":{"start":{"line":10,"column":4},"end":{"line":14,"column":5}},"5":{"start":{"line":11,"column":22},"end":{"line":11,"column":47}},"6":{"start":{"line":12,"column":8},"end":{"line":12,"column":27}},"7":{"start":{"line":13,"column":8},"end":{"line":13,"column":20}},"8":{"start":{"line":16,"column":18},"end":{"line":16,"column":36}},"9":{"start":{"line":18,"column":4},"end":{"line":50,"column":5}},"10":{"start":{"line":20,"column":24},"end":{"line":20,"column":65}},"11":{"start":{"line":23,"column":21},"end":{"line":25,"column":10}},"12":{"start":{"line":27,"column":8},"end":{"line":31,"column":9}},"13":{"start":{"line":28,"column":26},"end":{"line":28,"column":51}},"14":{"start":{"line":29,"column":12},"end":{"line":29,"column":31}},"15":{"start":{"line":30,"column":12},"end":{"line":30,"column":24}},"16":{"start":{"line":34,"column":8},"end":{"line":36,"column":9}},"17":{"start":{"line":35,"column":12},"end":{"line":35,"column":66}},"18":{"start":{"line":39,"column":8},"end":{"line":43,"column":10}},"19":{"start":{"line":45,"column":8},"end":{"line":45,"column":15}},"20":{"start":{"line":47,"column":22},"end":{"line":47,"column":48}},"21":{"start":{"line":48,"column":8},"end":{"line":48,"column":27}},"22":{"start":{"line":49,"column":8},"end":{"line":49,"column":20}},"23":{"start":{"line":56,"column":0},"end":{"line":63,"column":2}},"24":{"start":{"line":56,"column":36},"end":{"line":63,"column":1}},"25":{"start":{"line":57,"column":4},"end":{"line":61,"column":5}},"26":{"start":{"line":58,"column":22},"end":{"line":58,"column":44}},"27":{"start":{"line":59,"column":8},"end":{"line":59,"column":27}},"28":{"start":{"line":60,"column":8},"end":{"line":60,"column":20}},"29":{"start":{"line":62,"column":4},"end":{"line":62,"column":11}}},"fnMap":{"0":{"name":"(anonymous_0)","decl":{"start":{"line":7,"column":23},"end":{"line":7,"column":24}},"loc":{"start":{"line":7,"column":49},"end":{"line":51,"column":1}},"line":7},"1":{"name":"(anonymous_1)","decl":{"start":{"line":56,"column":20},"end":{"line":56,"column":21}},"loc":{"start":{"line":56,"column":36},"end":{"line":63,"column":1}},"line":56},"2":{"name":"(anonymous_2)","decl":{"start":{"line":56,"column":36},"end":{"line":56,"column":37}},"loc":{"start":{"line":56,"column":56},"end":{"line":63,"column":1}},"line":56}},"branchMap":{"0":{"loc":{"start":{"line":10,"column":4},"end":{"line":14,"column":5}},"type":"if","locations":[{"start":{"line":10,"column":4},"end":{"line":14,"column":5}},{"start":{},"end":{}}],"line":10},"1":{"loc":{"start":{"line":27,"column":8},"end":{"line":31,"column":9}},"type":"if","locations":[{"start":{"line":27,"column":8},"end":{"line":31,"column":9}},{"start":{},"end":{}}],"line":27},"2":{"loc":{"start":{"line":34,"column":8},"end":{"line":36,"column":9}},"type":"if","locations":[{"start":{"line":34,"column":8},"end":{"line":36,"column":9}},{"start":{},"end":{}}],"line":34},"3":{"loc":{"start":{"line":56,"column":21},"end":{"line":56,"column":31}},"type":"default-arg","locations":[{"start":{"line":56,"column":29},"end":{"line":56,"column":31}}],"line":56},"4":{"loc":{"start":{"line":57,"column":4},"end":{"line":61,"column":5}},"type":"if","locations":[{"start":{"line":57,"column":4},"end":{"line":61,"column":5}},{"start":{},"end":{}}],"line":57}},"s":{"0":4,"1":4,"2":4,"3":14,"4":14,"5":4,"6":4,"7":4,"8":10,"9":10,"10":10,"11":10,"12":10,"13":0,"14":0,"15":0,"16":10,"17":0,"18":10,"19":10,"20":0,"21":0,"22":0,"23":4,"24":44,"25":4,"26":0,"27":0,"28":0,"29":4},"f":{"0":14,"1":44,"2":4},"b":{"0":[4,10],"1":[0,10],"2":[0,10],"3":[0],"4":[0,4]},"_coverageSchema":"1a1c01bbd47fc00a2c39e90264f33305004495a9","hash":"b7892053ba92953e9994f3eb87643501b7e1def8"}
,"C:\\Users\\tpqls\\2025-WSD-Project\\bookstore-backend\\src\\middlewares\\error.middleware.js": {"path":"C:\\Users\\tpqls\\2025-WSD-Project\\bookstore-backend\\src\\middlewares\\error.middleware.js","statementMap":{"0":{"start":{"line":1,"column":0},"end":{"line":14,"column":2}},"1":{"start":{"line":2,"column":4},"end":{"line":2,"column":23}},"2":{"start":{"line":4,"column":19},"end":{"line":4,"column":36}},"3":{"start":{"line":6,"column":4},"end":{"line":13,"column":7}}},"fnMap":{"0":{"name":"(anonymous_0)","decl":{"start":{"line":1,"column":17},"end":{"line":1,"column":18}},"loc":{"start":{"line":1,"column":42},"end":{"line":14,"column":1}},"line":1}},"branchMap":{"0":{"loc":{"start":{"line":4,"column":19},"end":{"line":4,"column":36}},"type":"binary-expr","locations":[{"start":{"line":4,"column":19},"end":{"line":4,"column":29}},{"start":{"line":4,"column":33},"end":{"line":4,"column":36}}],"line":4},"1":{"loc":{"start":{"line":10,"column":14},"end":{"line":10,"column":64}},"type":"binary-expr","locations":[{"start":{"line":10,"column":14},"end":{"line":10,"column":22}},{"start":{"line":10,"column":26},"end":{"line":10,"column":37}},{"start":{"line":10,"column":41},"end":{"line":10,"column":64}}],"line":10},"2":{"loc":{"start":{"line":11,"column":17},"end":{"line":11,"column":47}},"type":"binary-expr","locations":[{"start":{"line":11,"column":17},"end":{"line":11,"column":28}},{"start":{"line":11,"column":32},"end":{"line":11,"column":47}}],"line":11},"3":{"loc":{"start":{"line":12,"column":17},"end":{"line":12,"column":36}},"type":"binary-expr","locations":[{"start":{"line":12,"column":17},"end":{"line":12,"column":28}},{"start":{"line":12,"column":32},"end":{"line":12,"column":36}}],"line":12}},"s":{"0":4,"1":10,"2":10,"3":10},"f":{"0":10},"b":{"0":[10,0],"1":[10,4,0],"2":[10,0],"3":[10,10]},"_coverageSchema":"1a1c01bbd47fc00a2c39e90264f33305004495a9","hash":"47176f600293a88721b8d7ad8e6c4d9eac66f11c"}
,"C:\\Users\\tpqls\\2025-WSD-Project\\bookstore-backend\\src\\middlewares\\notfound.middleware.js": {"path":"C:\\Users\\tpqls\\2025-WSD-Project\\bookstore-backend\\src\\middlewares\\notfound.middleware.js","statementMap":{"0":{"start":{"line":2,"column":0},"end":{"line":11,"column":2}},"1":{"start":{"line":3,"column":4},"end":{"line":10,"column":7}}},"fnMap":{"0":{"name":"(anonymous_0)","decl":{"start":{"line":2,"column":17},"end":{"line":2,"column":18}},"loc":{"start":{"line":2,"column":37},"end":{"line":11,"column":1}},"line":2}},"branchMap":{},"s":{"0":4,"1":0},"f":{"0":0},"b":{},"_coverageSchema":"1a1c01bbd47fc00a2c39e90264f33305004495a9","hash":"93f428eb78ff99847cae49339699b27a54eadbef"}
,"C:\\Users\\tpqls\\2025-WSD-Project\\bookstore-backend\\src\\middlewares\\validate.middleware.js": {"path":"C:\\Users\\tpqls\\2025-WSD-Project\\bookstore-backend\\src\\middlewares\\validate.middleware.js","statementMap":{"0":{"start":{"line":1,"column":0},"end":{"line":21,"column":2}},"1":{"start":{"line":2,"column":4},"end":{"line":20,"column":6}},"2":{"start":{"line":3,"column":26},"end":{"line":3,"column":74}},"3":{"start":{"line":5,"column":8},"end":{"line":17,"column":9}},"4":{"start":{"line":6,"column":12},"end":{"line":16,"column":15}},"5":{"start":{"line":12,"column":49},"end":{"line":15,"column":17}},"6":{"start":{"line":19,"column":8},"end":{"line":19,"column":15}}},"fnMap":{"0":{"name":"(anonymous_0)","decl":{"start":{"line":1,"column":17},"end":{"line":1,"column":18}},"loc":{"start":{"line":1,"column":29},"end":{"line":21,"column":1}},"line":1},"1":{"name":"(anonymous_1)","decl":{"start":{"line":2,"column":11},"end":{"line":2,"column":12}},"loc":{"start":{"line":2,"column":31},"end":{"line":20,"column":5}},"line":2},"2":{"name":"(anonymous_2)","decl":{"start":{"line":12,"column":43},"end":{"line":12,"column":44}},"loc":{"start":{"line":12,"column":49},"end":{"line":15,"column":17}},"line":12}},"branchMap":{"0":{"loc":{"start":{"line":5,"column":8},"end":{"line":17,"column":9}},"type":"if","locations":[{"start":{"line":5,"column":8},"end":{"line":17,"column":9}},{"start":{},"end":{}}],"line":5}},"s":{"0":4,"1":16,"2":15,"3":15,"4":1,"5":1,"6":14},"f":{"0":16,"1":15,"2":1},"b":{"0":[1,14]},"_coverageSchema":"1a1c01bbd47fc00a2c39e90264f33305004495a9","hash":"e660d4cf3a5b408e00c01ff16cbb5fbbd7a7913c"}
,"C:\\Users\\tpqls\\2025-WSD-Project\\bookstore-backend\\src\\models\\book.js": {"path":"C:\\Users\\tpqls\\2025-WSD-Project\\bookstore-backend\\src\\models\\book.js","statementMap":{"0":{"start":{"line":2,"column":18},"end":{"line":2,"column":38}},"1":{"start":{"line":4,"column":0},"end":{"line":115,"column":2}},"2":{"start":{"line":7,"column":12},"end":{"line":10,"column":15}},"3":{"start":{"line":13,"column":12},"end":{"line":16,"column":15}},"4":{"start":{"line":17,"column":12},"end":{"line":20,"column":15}},"5":{"start":{"line":21,"column":12},"end":{"line":24,"column":15}},"6":{"start":{"line":25,"column":12},"end":{"line":30,"column":15}},"7":{"start":{"line":34,"column":4},"end":{"line":112,"column":6}},"8":{"start":{"line":56,"column":34},"end":{"line":56,"column":62}},"9":{"start":{"line":57,"column":20},"end":{"line":57,"column":81}},"10":{"start":{"line":60,"column":20},"end":{"line":60,"column":72}},"11":{"start":{"line":67,"column":34},"end":{"line":67,"column":65}},"12":{"start":{"line":68,"column":20},"end":{"line":68,"column":81}},"13":{"start":{"line":71,"column":20},"end":{"line":71,"column":75}},"14":{"start":{"line":114,"column":4},"end":{"line":114,"column":16}}},"fnMap":{"0":{"name":"(anonymous_0)","decl":{"start":{"line":4,"column":17},"end":{"line":4,"column":18}},"loc":{"start":{"line":4,"column":43},"end":{"line":115,"column":1}},"line":4},"1":{"name":"(anonymous_1)","decl":{"start":{"line":6,"column":8},"end":{"line":6,"column":9}},"loc":{"start":{"line":6,"column":33},"end":{"line":31,"column":9}},"line":6},"2":{"name":"(anonymous_2)","decl":{"start":{"line":55,"column":16},"end":{"line":55,"column":17}},"loc":{"start":{"line":55,"column":22},"end":{"line":58,"column":17}},"line":55},"3":{"name":"(anonymous_3)","decl":{"start":{"line":59,"column":16},"end":{"line":59,"column":17}},"loc":{"start":{"line":59,"column":27},"end":{"line":61,"column":17}},"line":59},"4":{"name":"(anonymous_4)","decl":{"start":{"line":66,"column":16},"end":{"line":66,"column":17}},"loc":{"start":{"line":66,"column":22},"end":{"line":69,"column":17}},"line":66},"5":{"name":"(anonymous_5)","decl":{"start":{"line":70,"column":16},"end":{"line":70,"column":17}},"loc":{"start":{"line":70,"column":27},"end":{"line":72,"column":17}},"line":70}},"branchMap":{"0":{"loc":{"start":{"line":57,"column":27},"end":{"line":57,"column":80}},"type":"cond-expr","locations":[{"start":{"line":57,"column":55},"end":{"line":57,"column":72}},{"start":{"line":57,"column":75},"end":{"line":57,"column":80}}],"line":57},"1":{"loc":{"start":{"line":68,"column":27},"end":{"line":68,"column":80}},"type":"cond-expr","locations":[{"start":{"line":68,"column":55},"end":{"line":68,"column":72}},{"start":{"line":68,"column":75},"end":{"line":68,"column":80}}],"line":68}},"s":{"0":4,"1":4,"2":4,"3":4,"4":4,"5":4,"6":4,"7":4,"8":20,"9":20,"10":4,"11":20,"12":20,"13":4,"14":4},"f":{"0":4,"1":4,"2":20,"3":4,"4":20,"5":4},"b":{"0":[13,7],"1":[13,7]},"_coverageSchema":"1a1c01bbd47fc00a2c39e90264f33305004495a9","hash":"0e6f0a1315e1b767117df474cfcec229232f7a6c"}
,"C:\\Users\\tpqls\\2025-WSD-Project\\bookstore-backend\\src\\models\\cart.js": {"path":"C:\\Users\\tpqls\\2025-WSD-Project\\bookstore-backend\\src\\models\\cart.js","statementMap":{"0":{"start":{"line":2,"column":18},"end":{"line":2,"column":38}},"1":{"start":{"line":4,"column":0},"end":{"line":48,"column":2}},"2":{"start":{"line":7,"column":12},"end":{"line":10,"column":15}},"3":{"start":{"line":11,"column":12},"end":{"line":14,"column":15}},"4":{"start":{"line":16,"column":12},"end":{"line":21,"column":15}},"5":{"start":{"line":25,"column":4},"end":{"line":45,"column":6}},"6":{"start":{"line":47,"column":4},"end":{"line":47,"column":16}}},"fnMap":{"0":{"name":"(anonymous_0)","decl":{"start":{"line":4,"column":17},"end":{"line":4,"column":18}},"loc":{"start":{"line":4,"column":43},"end":{"line":48,"column":1}},"line":4},"1":{"name":"(anonymous_1)","decl":{"start":{"line":6,"column":8},"end":{"line":6,"column":9}},"loc":{"start":{"line":6,"column":33},"end":{"line":22,"column":9}},"line":6}},"branchMap":{},"s":{"0":4,"1":4,"2":4,"3":4,"4":4,"5":4,"6":4},"f":{"0":4,"1":4},"b":{},"_coverageSchema":"1a1c01bbd47fc00a2c39e90264f33305004495a9","hash":"e89d64cf2354445d4134a852d2e946e4b1323cb9"}
,"C:\\Users\\tpqls\\2025-WSD-Project\\bookstore-backend\\src\\models\\cartitem.js": {"path":"C:\\Users\\tpqls\\2025-WSD-Project\\bookstore-backend\\src\\models\\cartitem.js","statementMap":{"0":{"start":{"line":2,"column":18},"end":{"line":2,"column":38}},"1":{"start":{"line":4,"column":0},"end":{"line":51,"column":2}},"2":{"start":{"line":7,"column":12},"end":{"line":9,"column":15}},"3":{"start":{"line":10,"column":12},"end":{"line":13,"column":15}},"4":{"start":{"line":17,"column":4},"end":{"line":48,"column":6}},"5":{"start":{"line":50,"column":4},"end":{"line":50,"column":20}}},"fnMap":{"0":{"name":"(anonymous_0)","decl":{"start":{"line":4,"column":17},"end":{"line":4,"column":18}},"loc":{"start":{"line":4,"column":43},"end":{"line":51,"column":1}},"line":4},"1":{"name":"(anonymous_1)","decl":{"start":{"line":6,"column":8},"end":{"line":6,"column":9}},"loc":{"start":{"line":6,"column":33},"end":{"line":14,"column":9}},"line":6}},"branchMap":{},"s":{"0":4,"1":4,"2":4,"3":4,"4":4,"5":4},"f":{"0":4,"1":4},"b":{},"_coverageSchema":"1a1c01bbd47fc00a2c39e90264f33305004495a9","hash":"d55bd5622829536ab5c76285312fd69e51701431"}
,"C:\\Users\\tpqls\\2025-WSD-Project\\bookstore-backend\\src\\models\\comment.js": {"path":"C:\\Users\\tpqls\\2025-WSD-Project\\bookstore-backend\\src\\models\\comment.js","statementMap":{"0":{"start":{"line":2,"column":18},"end":{"line":2,"column":38}},"1":{"start":{"line":4,"column":0},"end":{"line":51,"column":2}},"2":{"start":{"line":7,"column":12},"end":{"line":10,"column":15}},"3":{"start":{"line":11,"column":12},"end":{"line":14,"column":15}},"4":{"start":{"line":15,"column":12},"end":{"line":20,"column":15}},"5":{"start":{"line":24,"column":4},"end":{"line":48,"column":6}},"6":{"start":{"line":50,"column":4},"end":{"line":50,"column":19}}},"fnMap":{"0":{"name":"(anonymous_0)","decl":{"start":{"line":4,"column":17},"end":{"line":4,"column":18}},"loc":{"start":{"line":4,"column":43},"end":{"line":51,"column":1}},"line":4},"1":{"name":"(anonymous_1)","decl":{"start":{"line":6,"column":8},"end":{"line":6,"column":9}},"loc":{"start":{"line":6,"column":33},"end":{"line":21,"column":9}},"line":6}},"branchMap":{},"s":{"0":4,"1":4,"2":4,"3":4,"4":4,"5":4,"6":4},"f":{"0":4,"1":4},"b":{},"_coverageSchema":"1a1c01bbd47fc00a2c39e90264f33305004495a9","hash":"5a939c09d510b9ab4f93837ef52ee220114a4ad1"}
,"C:\\Users\\tpqls\\2025-WSD-Project\\bookstore-backend\\src\\models\\commentlike.js": {"path":"C:\\Users\\tpqls\\2025-WSD-Project\\bookstore-backend\\src\\models\\commentlike.js","statementMap":{"0":{"start":{"line":2,"column":18},"end":{"line":2,"column":38}},"1":{"start":{"line":4,"column":0},"end":{"line":40,"column":2}},"2":{"start":{"line":7,"column":12},"end":{"line":7,"column":74}},"3":{"start":{"line":8,"column":12},"end":{"line":8,"column":80}},"4":{"start":{"line":12,"column":4},"end":{"line":37,"column":6}},"5":{"start":{"line":39,"column":4},"end":{"line":39,"column":23}}},"fnMap":{"0":{"name":"(anonymous_0)","decl":{"start":{"line":4,"column":17},"end":{"line":4,"column":18}},"loc":{"start":{"line":4,"column":43},"end":{"line":40,"column":1}},"line":4},"1":{"name":"(anonymous_1)","decl":{"start":{"line":6,"column":8},"end":{"line":6,"column":9}},"loc":{"start":{"line":6,"column":33},"end":{"line":9,"column":9}},"line":6}},"branchMap":{},"s":{"0":4,"1":4,"2":4,"3":4,"4":4,"5":4},"f":{"0":4,"1":4},"b":{},"_coverageSchema":"1a1c01bbd47fc00a2c39e90264f33305004495a9","hash":"efb4b3b0cdee90db8919750c046fe1f8d14473ab"}
,"C:\\Users\\tpqls\\2025-WSD-Project\\bookstore-backend\\src\\models\\index.js": {"path":"C:\\Users\\tpqls\\2025-WSD-Project\\bookstore-backend\\src\\models\\index.js","statementMap":{"0":{"start":{"line":3,"column":11},"end":{"line":3,"column":24}},"1":{"start":{"line":4,"column":13},"end":{"line":4,"column":28}},"2":{"start":{"line":5,"column":18},"end":{"line":5,"column":38}},"3":{"start":{"line":6,"column":16},"end":{"line":6,"column":34}},"4":{"start":{"line":7,"column":17},"end":{"line":7,"column":42}},"5":{"start":{"line":8,"column":12},"end":{"line":8,"column":49}},"6":{"start":{"line":9,"column":15},"end":{"line":9,"column":77}},"7":{"start":{"line":11,"column":11},"end":{"line":11,"column":13}},"8":{"start":{"line":14,"column":0},"end":{"line":18,"column":1}},"9":{"start":{"line":15,"column":4},"end":{"line":15,"column":76}},"10":{"start":{"line":17,"column":4},"end":{"line":17,"column":89}},"11":{"start":{"line":20,"column":0},"end":{"line":32,"column":7}},"12":{"start":{"line":22,"column":8},"end":{"line":27,"column":10}},"13":{"start":{"line":30,"column":22},"end":{"line":30,"column":89}},"14":{"start":{"line":31,"column":8},"end":{"line":31,"column":31}},"15":{"start":{"line":34,"column":0},"end":{"line":38,"column":3}},"16":{"start":{"line":35,"column":4},"end":{"line":37,"column":5}},"17":{"start":{"line":36,"column":8},"end":{"line":36,"column":36}},"18":{"start":{"line":40,"column":0},"end":{"line":40,"column":25}},"19":{"start":{"line":41,"column":0},"end":{"line":41,"column":25}},"20":{"start":{"line":43,"column":0},"end":{"line":43,"column":20}}},"fnMap":{"0":{"name":"(anonymous_0)","decl":{"start":{"line":21,"column":12},"end":{"line":21,"column":13}},"loc":{"start":{"line":21,"column":20},"end":{"line":28,"column":5}},"line":21},"1":{"name":"(anonymous_1)","decl":{"start":{"line":29,"column":13},"end":{"line":29,"column":14}},"loc":{"start":{"line":29,"column":21},"end":{"line":32,"column":5}},"line":29},"2":{"name":"(anonymous_2)","decl":{"start":{"line":34,"column":24},"end":{"line":34,"column":25}},"loc":{"start":{"line":34,"column":37},"end":{"line":38,"column":1}},"line":34}},"branchMap":{"0":{"loc":{"start":{"line":8,"column":12},"end":{"line":8,"column":49}},"type":"binary-expr","locations":[{"start":{"line":8,"column":12},"end":{"line":8,"column":32}},{"start":{"line":8,"column":36},"end":{"line":8,"column":49}}],"line":8},"1":{"loc":{"start":{"line":14,"column":0},"end":{"line":18,"column":1}},"type":"if","locations":[{"start":{"line":14,"column":0},"end":{"line":18,"column":1}},{"start":{"line":16,"column":7},"end":{"line":18,"column":1}}],"line":14},"2":{"loc":{"start":{"line":23,"column":12},"end":{"line":26,"column":43}},"type":"binary-expr","locations":[{"start":{"line":23,"column":12},"end":{"line":23,"column":35}},{"start":{"line":24,"column":12},"end":{"line":24,"column":29}},{"start":{"line":25,"column":12},"end":{"line":25,"column":36}},{"start":{"line":26,"column":12},"end":{"line":26,"column":43}}],"line":23},"3":{"loc":{"start":{"line":35,"column":4},"end":{"line":37,"column":5}},"type":"if","locations":[{"start":{"line":35,"column":4},"end":{"line":37,"column":5}},{"start":{},"end":{}}],"line":35}},"s":{"0":4,"1":4,"2":4,"3":4,"4":4,"5":4,"6":4,"7":4,"8":4,"9":0,"10":4,"11":4,"12":52,"13":48,"14":48,"15":4,"16":48,"17":48,"18":4,"19":4,"20":4},"f":{"0":52,"1":48,"2":48},"b":{"0":[4,0],"1":[0,4],"2":[52,52,48,48],"3":[48,0]},"_coverageSchema":"1a1c01bbd47fc00a2c39e90264f33305004495a9","hash":"aa16b96808b70af6badf8f8cc4ebf022a2d27921"}
,"C:\\Users\\tpqls\\2025-WSD-Project\\bookstore-backend\\src\\models\\order.js": {"path":"C:\\Users\\tpqls\\2025-WSD-Project\\bookstore-backend\\src\\models\\order.js","statementMap":{"0":{"start":{"line":2,"column":18},"end":{"line":2,"column":38}},"1":{"start":{"line":4,"column":0},"end":{"line":42,"column":2}},"2":{"start":{"line":7,"column":12},"end":{"line":10,"column":15}},"3":{"start":{"line":11,"column":12},"end":{"line":14,"column":15}},"4":{"start":{"line":18,"column":4},"end":{"line":39,"column":6}},"5":{"start":{"line":41,"column":4},"end":{"line":41,"column":17}}},"fnMap":{"0":{"name":"(anonymous_0)","decl":{"start":{"line":4,"column":17},"end":{"line":4,"column":18}},"loc":{"start":{"line":4,"column":43},"end":{"line":42,"column":1}},"line":4},"1":{"name":"(anonymous_1)","decl":{"start":{"line":6,"column":8},"end":{"line":6,"column":9}},"loc":{"start":{"line":6,"column":33},"end":{"line":15,"column":9}},"line":6}},"branchMap":{},"s":{"0":4,"1":4,"2":4,"3":4,"4":4,"5":4},"f":{"0":4,"1":4},"b":{},"_coverageSchema":"1a1c01bbd47fc00a2c39e90264f33305004495a9","hash":"d5dc91207919e2cd2709a648d89fe3ee9bc8f030"}
,"C:\\Users\\tpqls\\2025-WSD-Project\\bookstore-backend\\src\\models\\orderitem.js": {"path":"C:\\Users\\tpqls\\2025-WSD-Project\\bookstore-backend\\src\\models\\orderitem.js","statementMap":{"0":{"start":{"line":2,"column":18},"end":{"line":2,"column":38}},"1":{"start":{"line":4,"column":0},"end":{"line":55,"column":2}},"2":{"start":{"line":7,"column":12},"end":{"line":10,"column":15}},"3":{"start":{"line":11,"column":12},"end":{"line":14,"column":15}},"4":{"start":{"line":18,"column":4},"end":{"line":52,"column":6}},"5":{"start":{"line":54,"column":4},"end":{"line":54,"column":21}}},"fnMap":{"0":{"name":"(anonymous_0)","decl":{"start":{"line":4,"column":17},"end":{"line":4,"column":18}},"loc":{"start":{"line":4,"column":43},"end":{"line":55,"column":1}},"line":4},"1":{"name":"(anonymous_1)","decl":{"start":{"line":6,"column":8},"end":{"line":6,"column":9}},"loc":{"start":{"line":6,"column":33},"end":{"line":15,"column":9}},"line":6}},"branchMap":{},"s":{"0":4,"1":4,"2":4,"3":4,"4":4,"5":4},"f":{"0":4,"1":4},"b":{},"_coverageSchema":"1a1c01bbd47fc00a2c39e90264f33305004495a9","hash":"9dce063bacc5a0f98a1613ae5de76c2cbd343ed5"}
,"C:\\Users\\tpqls\\2025-WSD-Project\\bookstore-backend\\src\\models\\review.js": {"path":"C:\\Users\\tpqls\\2025-WSD-Project\\bookstore-backend\\src\\models\\review.js","statementMap":{"0":{"start":{"line":2,"column":18},"end":{"line":2,"column":38}},"1":{"start":{"line":4,"column":0},"end":{"line":60,"column":2}},"2":{"start":{"line":7,"column":12},"end":{"line":10,"column":15}},"3":{"start":{"line":11,"column":12},"end":{"line":14,"column":15}},"4":{"start":{"line":15,"column":12},"end":{"line":18,"column":15}},"5":{"start":{"line":19,"column":12},"end":{"line":24,"column":15}},"6":{"start":{"line":28,"column":4},"end":{"line":57,"column":6}},"7":{"start":{"line":59,"column":4},"end":{"line":59,"column":18}}},"fnMap":{"0":{"name":"(anonymous_0)","decl":{"start":{"line":4,"column":17},"end":{"line":4,"column":18}},"loc":{"start":{"line":4,"column":43},"end":{"line":60,"column":1}},"line":4},"1":{"name":"(anonymous_1)","decl":{"start":{"line":6,"column":8},"end":{"line":6,"column":9}},"loc":{"start":{"line":6,"column":33},"end":{"line":25,"column":9}},"line":6}},"branchMap":{},"s":{"0":4,"1":4,"2":4,"3":4,"4":4,"5":4,"6":4,"7":4},"f":{"0":4,"1":4},"b":{},"_coverageSchema":"1a1c01bbd47fc00a2c39e90264f33305004495a9","hash":"cb8edd69b223a29a9d1096d3e9a4b95fafa5afd8"}
,"C:\\Users\\tpqls\\2025-WSD-Project\\bookstore-backend\\src\\models\\reviewlike.js": {"path":"C:\\Users\\tpqls\\2025-WSD-Project\\bookstore-backend\\src\\models\\reviewlike.js","statementMap":{"0":{"start":{"line":3,"column":18},"end":{"line":3,"column":38}},"1":{"start":{"line":5,"column":0},"end":{"line":41,"column":2}},"2":{"start":{"line":8,"column":12},"end":{"line":8,"column":73}},"3":{"start":{"line":9,"column":12},"end":{"line":9,"column":77}},"4":{"start":{"line":13,"column":4},"end":{"line":38,"column":6}},"5":{"start":{"line":40,"column":4},"end":{"line":40,"column":22}}},"fnMap":{"0":{"name":"(anonymous_0)","decl":{"start":{"line":5,"column":17},"end":{"line":5,"column":18}},"loc":{"start":{"line":5,"column":43},"end":{"line":41,"column":1}},"line":5},"1":{"name":"(anonymous_1)","decl":{"start":{"line":7,"column":8},"end":{"line":7,"column":9}},"loc":{"start":{"line":7,"column":33},"end":{"line":10,"column":9}},"line":7}},"branchMap":{},"s":{"0":4,"1":4,"2":4,"3":4,"4":4,"5":4},"f":{"0":4,"1":4},"b":{},"_coverageSchema":"1a1c01bbd47fc00a2c39e90264f33305004495a9","hash":"9d14072daa56afbef7530ef9908dffe3c88392d3"}
,"C:\\Users\\tpqls\\2025-WSD-Project\\bookstore-backend\\src\\models\\user.js": {"path":"C:\\Users\\tpqls\\2025-WSD-Project\\bookstore-backend\\src\\models\\user.js","statementMap":{"0":{"start":{"line":2,"column":18},"end":{"line":2,"column":38}},"1":{"start":{"line":4,"column":0},"end":{"line":113,"column":2}},"2":{"start":{"line":8,"column":12},"end":{"line":11,"column":15}},"3":{"start":{"line":12,"column":12},"end":{"line":15,"column":15}},"4":{"start":{"line":16,"column":12},"end":{"line":19,"column":15}},"5":{"start":{"line":20,"column":12},"end":{"line":23,"column":15}},"6":{"start":{"line":24,"column":12},"end":{"line":27,"column":15}},"7":{"start":{"line":28,"column":12},"end":{"line":31,"column":15}},"8":{"start":{"line":32,"column":12},"end":{"line":37,"column":15}},"9":{"start":{"line":38,"column":12},"end":{"line":43,"column":15}},"10":{"start":{"line":44,"column":12},"end":{"line":49,"column":15}},"11":{"start":{"line":54,"column":4},"end":{"line":110,"column":6}},"12":{"start":{"line":112,"column":4},"end":{"line":112,"column":16}}},"fnMap":{"0":{"name":"(anonymous_0)","decl":{"start":{"line":4,"column":17},"end":{"line":4,"column":18}},"loc":{"start":{"line":4,"column":43},"end":{"line":113,"column":1}},"line":4},"1":{"name":"(anonymous_1)","decl":{"start":{"line":6,"column":8},"end":{"line":6,"column":9}},"loc":{"start":{"line":6,"column":33},"end":{"line":51,"column":9}},"line":6}},"branchMap":{},"s":{"0":4,"1":4,"2":4,"3":4,"4":4,"5":4,"6":4,"7":4,"8":4,"9":4,"10":4,"11":4,"12":4},"f":{"0":4,"1":4},"b":{},"_coverageSchema":"1a1c01bbd47fc00a2c39e90264f33305004495a9","hash":"a0f76189eaddafc11a14fb2938c421fb385cbc1d"}
,"C:\\Users\\tpqls\\2025-WSD-Project\\bookstore-backend\\src\\models\\userrefreshtoken.js": {"path":"C:\\Users\\tpqls\\2025-WSD-Project\\bookstore-backend\\src\\models\\userrefreshtoken.js","statementMap":{"0":{"start":{"line":2,"column":18},"end":{"line":2,"column":38}},"1":{"start":{"line":4,"column":0},"end":{"line":52,"column":2}},"2":{"start":{"line":7,"column":12},"end":{"line":11,"column":15}},"3":{"start":{"line":15,"column":4},"end":{"line":49,"column":6}},"4":{"start":{"line":51,"column":4},"end":{"line":51,"column":28}}},"fnMap":{"0":{"name":"(anonymous_0)","decl":{"start":{"line":4,"column":17},"end":{"line":4,"column":18}},"loc":{"start":{"line":4,"column":43},"end":{"line":52,"column":1}},"line":4},"1":{"name":"(anonymous_1)","decl":{"start":{"line":6,"column":8},"end":{"line":6,"column":9}},"loc":{"start":{"line":6,"column":33},"end":{"line":12,"column":9}},"line":6}},"branchMap":{},"s":{"0":4,"1":4,"2":4,"3":4,"4":4},"f":{"0":4,"1":4},"b":{},"_coverageSchema":"1a1c01bbd47fc00a2c39e90264f33305004495a9","hash":"4922a8d9360a5b6b88db5d8b9f7723c99ced631b"}
,"C:\\Users\\tpqls\\2025-WSD-Project\\bookstore-backend\\src\\models\\wishlist.js": {"path":"C:\\Users\\tpqls\\2025-WSD-Project\\bookstore-backend\\src\\models\\wishlist.js","statementMap":{"0":{"start":{"line":2,"column":18},"end":{"line":2,"column":38}},"1":{"start":{"line":4,"column":0},"end":{"line":46,"column":2}},"2":{"start":{"line":7,"column":12},"end":{"line":10,"column":15}},"3":{"start":{"line":11,"column":12},"end":{"line":14,"column":15}},"4":{"start":{"line":18,"column":4},"end":{"line":43,"column":6}},"5":{"start":{"line":45,"column":4},"end":{"line":45,"column":20}}},"fnMap":{"0":{"name":"(anonymous_0)","decl":{"start":{"line":4,"column":17},"end":{"line":4,"column":18}},"loc":{"start":{"line":4,"column":43},"end":{"line":46,"column":1}},"line":4},"1":{"name":"(anonymous_1)","decl":{"start":{"line":6,"column":8},"end":{"line":6,"column":9}},"loc":{"start":{"line":6,"column":33},"end":{"line":15,"column":9}},"line":6}},"branchMap":{},"s":{"0":4,"1":4,"2":4,"3":4,"4":4,"5":4},"f":{"0":4,"1":4},"b":{},"_coverageSchema":"1a1c01bbd47fc00a2c39e90264f33305004495a9","hash":"7025c5fce0f8436a863dea6fa1cd67792b235d68"}
,"C:\\Users\\tpqls\\2025-WSD-Project\\bookstore-backend\\src\\routes\\auth.routes.js": {"path":"C:\\Users\\tpqls\\2025-WSD-Project\\bookstore-backend\\src\\routes\\auth.routes.js","statementMap":{"0":{"start":{"line":1,"column":15},"end":{"line":1,"column":42}},"1":{"start":{"line":2,"column":23},"end":{"line":2,"column":64}},"2":{"start":{"line":3,"column":25},"end":{"line":3,"column":66}},"3":{"start":{"line":4,"column":17},"end":{"line":4,"column":62}},"4":{"start":{"line":5,"column":38},"end":{"line":5,"column":77}},"5":{"start":{"line":38,"column":0},"end":{"line":38,"column":70}},"6":{"start":{"line":66,"column":0},"end":{"line":66,"column":44}},"7":{"start":{"line":80,"column":0},"end":{"line":80,"column":60}},"8":{"start":{"line":105,"column":0},"end":{"line":105,"column":48}},"9":{"start":{"line":107,"column":0},"end":{"line":107,"column":24}}},"fnMap":{},"branchMap":{},"s":{"0":4,"1":4,"2":4,"3":4,"4":4,"5":4,"6":4,"7":4,"8":4,"9":4},"f":{},"b":{},"_coverageSchema":"1a1c01bbd47fc00a2c39e90264f33305004495a9","hash":"8764e94fa42d51f4b4bcf85b82550e181cdf4886"}
,"C:\\Users\\tpqls\\2025-WSD-Project\\bookstore-backend\\src\\routes\\book.routes.js": {"path":"C:\\Users\\tpqls\\2025-WSD-Project\\bookstore-backend\\src\\routes\\book.routes.js","statementMap":{"0":{"start":{"line":1,"column":16},"end":{"line":1,"column":34}},"1":{"start":{"line":2,"column":15},"end":{"line":2,"column":31}},"2":{"start":{"line":3,"column":23},"end":{"line":3,"column":64}},"3":{"start":{"line":4,"column":36},"end":{"line":4,"column":77}},"4":{"start":{"line":5,"column":21},"end":{"line":5,"column":66}},"5":{"start":{"line":6,"column":29},"end":{"line":6,"column":68}},"6":{"start":{"line":40,"column":0},"end":{"line":40,"column":41}},"7":{"start":{"line":60,"column":0},"end":{"line":60,"column":47}},"8":{"start":{"line":105,"column":0},"end":{"line":111,"column":2}},"9":{"start":{"line":142,"column":0},"end":{"line":147,"column":2}},"10":{"start":{"line":167,"column":0},"end":{"line":172,"column":2}},"11":{"start":{"line":174,"column":0},"end":{"line":174,"column":24}}},"fnMap":{},"branchMap":{},"s":{"0":4,"1":4,"2":4,"3":4,"4":4,"5":4,"6":4,"7":4,"8":4,"9":4,"10":4,"11":4},"f":{},"b":{},"_coverageSchema":"1a1c01bbd47fc00a2c39e90264f33305004495a9","hash":"1a17149ed668f9c951cbb80194eb1a8913e4059f"}
,"C:\\Users\\tpqls\\2025-WSD-Project\\bookstore-backend\\src\\routes\\cart.routes.js": {"path":"C:\\Users\\tpqls\\2025-WSD-Project\\bookstore-backend\\src\\routes\\cart.routes.js","statementMap":{"0":{"start":{"line":1,"column":15},"end":{"line":1,"column":42}},"1":{"start":{"line":2,"column":23},"end":{"line":2,"column":64}},"2":{"start":{"line":3,"column":25},"end":{"line":3,"column":66}},"3":{"start":{"line":32,"column":0},"end":{"line":32,"column":62}},"4":{"start":{"line":46,"column":0},"end":{"line":46,"column":56}},"5":{"start":{"line":78,"column":0},"end":{"line":78,"column":72}},"6":{"start":{"line":98,"column":0},"end":{"line":98,"column":73}},"7":{"start":{"line":112,"column":0},"end":{"line":112,"column":59}},"8":{"start":{"line":114,"column":0},"end":{"line":114,"column":24}}},"fnMap":{},"branchMap":{},"s":{"0":4,"1":4,"2":4,"3":4,"4":4,"5":4,"6":4,"7":4,"8":4},"f":{},"b":{},"_coverageSchema":"1a1c01bbd47fc00a2c39e90264f33305004495a9","hash":"fcd26e6c37473d59b2983b665db02fab413da64b"}
,"C:\\Users\\tpqls\\2025-WSD-Project\\bookstore-backend\\src\\routes\\comment.routes.js": {"path":"C:\\Users\\tpqls\\2025-WSD-Project\\bookstore-backend\\src\\routes\\comment.routes.js","statementMap":{"0":{"start":{"line":2,"column":15},"end":{"line":2,"column":42}},"1":{"start":{"line":3,"column":26},"end":{"line":3,"column":70}},"2":{"start":{"line":4,"column":25},"end":{"line":4,"column":66}},"3":{"start":{"line":35,"column":0},"end":{"line":35,"column":90}},"4":{"start":{"line":61,"column":0},"end":{"line":61,"column":79}},"5":{"start":{"line":84,"column":0},"end":{"line":84,"column":74}},"6":{"start":{"line":112,"column":0},"end":{"line":112,"column":77}},"7":{"start":{"line":132,"column":0},"end":{"line":132,"column":78}},"8":{"start":{"line":134,"column":0},"end":{"line":134,"column":24}}},"fnMap":{},"branchMap":{},"s":{"0":4,"1":4,"2":4,"3":4,"4":4,"5":4,"6":4,"7":4,"8":4},"f":{},"b":{},"_coverageSchema":"1a1c01bbd47fc00a2c39e90264f33305004495a9","hash":"d24cc654f1e9c66861587cae6c2b8054982e21b3"}
,"C:\\Users\\tpqls\\2025-WSD-Project\\bookstore-backend\\src\\routes\\like.routes.js": {"path":"C:\\Users\\tpqls\\2025-WSD-Project\\bookstore-backend\\src\\routes\\like.routes.js","statementMap":{"0":{"start":{"line":1,"column":15},"end":{"line":1,"column":42}},"1":{"start":{"line":2,"column":23},"end":{"line":2,"column":64}},"2":{"start":{"line":3,"column":25},"end":{"line":3,"column":66}},"3":{"start":{"line":23,"column":0},"end":{"line":23,"column":80}},"4":{"start":{"line":43,"column":0},"end":{"line":43,"column":82}},"5":{"start":{"line":63,"column":0},"end":{"line":63,"column":82}},"6":{"start":{"line":83,"column":0},"end":{"line":83,"column":84}},"7":{"start":{"line":85,"column":0},"end":{"line":85,"column":24}}},"fnMap":{},"branchMap":{},"s":{"0":4,"1":4,"2":4,"3":4,"4":4,"5":4,"6":4,"7":4},"f":{},"b":{},"_coverageSchema":"1a1c01bbd47fc00a2c39e90264f33305004495a9","hash":"465690f8c33d7a9871842d49744af847e3816e62"}
,"C:\\Users\\tpqls\\2025-WSD-Project\\bookstore-backend\\src\\routes\\order.routes.js": {"path":"C:\\Users\\tpqls\\2025-WSD-Project\\bookstore-backend\\src\\routes\\order.routes.js","statementMap":{"0":{"start":{"line":1,"column":15},"end":{"line":1,"column":42}},"1":{"start":{"line":2,"column":24},"end":{"line":2,"column":66}},"2":{"start":{"line":3,"column":36},"end":{"line":3,"column":77}},"3":{"start":{"line":35,"column":0},"end":{"line":35,"column":60}},"4":{"start":{"line":58,"column":0},"end":{"line":58,"column":61}},"5":{"start":{"line":80,"column":0},"end":{"line":80,"column":63}},"6":{"start":{"line":112,"column":0},"end":{"line":112,"column":99}},"7":{"start":{"line":139,"column":0},"end":{"line":139,"column":82}},"8":{"start":{"line":141,"column":0},"end":{"line":141,"column":24}}},"fnMap":{},"branchMap":{},"s":{"0":4,"1":4,"2":4,"3":4,"4":4,"5":4,"6":4,"7":4,"8":4},"f":{},"b":{},"_coverageSchema":"1a1c01bbd47fc00a2c39e90264f33305004495a9","hash":"6a6d2a0173005db568b0ac3b65deff484c50c5d8"}
,"C:\\Users\\tpqls\\2025-WSD-Project\\bookstore-backend\\src\\routes\\review.routes.js": {"path":"C:\\Users\\tpqls\\2025-WSD-Project\\bookstore-backend\\src\\routes\\review.routes.js","statementMap":{"0":{"start":{"line":1,"column":15},"end":{"line":1,"column":42}},"1":{"start":{"line":2,"column":25},"end":{"line":2,"column":68}},"2":{"start":{"line":3,"column":25},"end":{"line":3,"column":66}},"3":{"start":{"line":39,"column":0},"end":{"line":39,"column":83}},"4":{"start":{"line":65,"column":0},"end":{"line":65,"column":70}},"5":{"start":{"line":88,"column":0},"end":{"line":88,"column":71}},"6":{"start":{"line":106,"column":0},"end":{"line":106,"column":59}},"7":{"start":{"line":136,"column":0},"end":{"line":136,"column":74}},"8":{"start":{"line":156,"column":0},"end":{"line":156,"column":75}},"9":{"start":{"line":158,"column":0},"end":{"line":158,"column":24}}},"fnMap":{},"branchMap":{},"s":{"0":4,"1":4,"2":4,"3":4,"4":4,"5":4,"6":4,"7":4,"8":4,"9":4},"f":{},"b":{},"_coverageSchema":"1a1c01bbd47fc00a2c39e90264f33305004495a9","hash":"23bc2fb6648bc15f07f51282e0b15a2cbc0d7730"}
,"C:\\Users\\tpqls\\2025-WSD-Project\\bookstore-backend\\src\\routes\\stats.routes.js": {"path":"C:\\Users\\tpqls\\2025-WSD-Project\\bookstore-backend\\src\\routes\\stats.routes.js","statementMap":{"0":{"start":{"line":1,"column":15},"end":{"line":1,"column":42}},"1":{"start":{"line":2,"column":24},"end":{"line":2,"column":66}},"2":{"start":{"line":3,"column":36},"end":{"line":3,"column":77}},"3":{"start":{"line":19,"column":0},"end":{"line":19,"column":87}},"4":{"start":{"line":35,"column":0},"end":{"line":35,"column":87}},"5":{"start":{"line":51,"column":0},"end":{"line":51,"column":89}},"6":{"start":{"line":53,"column":0},"end":{"line":53,"column":24}}},"fnMap":{},"branchMap":{},"s":{"0":4,"1":4,"2":4,"3":4,"4":4,"5":4,"6":4},"f":{},"b":{},"_coverageSchema":"1a1c01bbd47fc00a2c39e90264f33305004495a9","hash":"6399980fe6b27e16b21215d44c1a5bbf60ca1c50"}
,"C:\\Users\\tpqls\\2025-WSD-Project\\bookstore-backend\\src\\routes\\user.routes.js": {"path":"C:\\Users\\tpqls\\2025-WSD-Project\\bookstore-backend\\src\\routes\\user.routes.js","statementMap":{"0":{"start":{"line":1,"column":15},"end":{"line":1,"column":42}},"1":{"start":{"line":2,"column":19},"end":{"line":2,"column":60}},"2":{"start":{"line":3,"column":36},"end":{"line":3,"column":77}},"3":{"start":{"line":4,"column":17},"end":{"line":4,"column":62}},"4":{"start":{"line":5,"column":51},"end":{"line":5,"column":90}},"5":{"start":{"line":21,"column":0},"end":{"line":21,"column":50}},"6":{"start":{"line":45,"column":0},"end":{"line":45,"column":81}},"7":{"start":{"line":59,"column":0},"end":{"line":59,"column":56}},"8":{"start":{"line":84,"column":0},"end":{"line":84,"column":73}},"9":{"start":{"line":106,"column":0},"end":{"line":106,"column":79}},"10":{"start":{"line":138,"column":0},"end":{"line":144,"column":2}},"11":{"start":{"line":146,"column":0},"end":{"line":146,"column":24}}},"fnMap":{},"branchMap":{},"s":{"0":4,"1":4,"2":4,"3":4,"4":4,"5":4,"6":4,"7":4,"8":4,"9":4,"10":4,"11":4},"f":{},"b":{},"_coverageSchema":"1a1c01bbd47fc00a2c39e90264f33305004495a9","hash":"facae8ebadbff6559705fe1e5f62d197b01cb01b"}
,"C:\\Users\\tpqls\\2025-WSD-Project\\bookstore-backend\\src\\routes\\wishlist.routes.js": {"path":"C:\\Users\\tpqls\\2025-WSD-Project\\bookstore-backend\\src\\routes\\wishlist.routes.js","statementMap":{"0":{"start":{"line":1,"column":15},"end":{"line":1,"column":42}},"1":{"start":{"line":2,"column":27},"end":{"line":2,"column":72}},"2":{"start":{"line":3,"column":25},"end":{"line":3,"column":66}},"3":{"start":{"line":28,"column":0},"end":{"line":28,"column":65}},"4":{"start":{"line":51,"column":0},"end":{"line":51,"column":64}},"5":{"start":{"line":71,"column":0},"end":{"line":71,"column":79}},"6":{"start":{"line":73,"column":0},"end":{"line":73,"column":24}}},"fnMap":{},"branchMap":{},"s":{"0":4,"1":4,"2":4,"3":4,"4":4,"5":4,"6":4},"f":{},"b":{},"_coverageSchema":"1a1c01bbd47fc00a2c39e90264f33305004495a9","hash":"9e9b06be7a59b24d464d33a51d9f8cab764bed6c"}
,"C:\\Users\\tpqls\\2025-WSD-Project\\bookstore-backend\\src\\services\\auth.service.js": {"path":"C:\\Users\\tpqls\\2025-WSD-Project\\bookstore-backend\\src\\services\\auth.service.js","statementMap":{"0":{"start":{"line":1,"column":12},"end":{"line":1,"column":35}},"1":{"start":{"line":2,"column":15},"end":{"line":2,"column":32}},"2":{"start":{"line":3,"column":35},"end":{"line":3,"column":55}},"3":{"start":{"line":6,"column":4},"end":{"line":10,"column":6}},"4":{"start":{"line":14,"column":4},"end":{"line":18,"column":6}},"5":{"start":{"line":21,"column":0},"end":{"line":53,"column":2}},"6":{"start":{"line":23,"column":19},"end":{"line":23,"column":59}},"7":{"start":{"line":24,"column":4},"end":{"line":29,"column":5}},"8":{"start":{"line":25,"column":22},"end":{"line":25,"column":50}},"9":{"start":{"line":26,"column":8},"end":{"line":26,"column":27}},"10":{"start":{"line":27,"column":8},"end":{"line":27,"column":39}},"11":{"start":{"line":28,"column":8},"end":{"line":28,"column":20}},"12":{"start":{"line":32,"column":25},"end":{"line":32,"column":56}},"13":{"start":{"line":35,"column":17},"end":{"line":45,"column":6}},"14":{"start":{"line":47,"column":4},"end":{"line":52,"column":6}},"15":{"start":{"line":55,"column":0},"end":{"line":117,"column":2}},"16":{"start":{"line":57,"column":17},"end":{"line":60,"column":6}},"17":{"start":{"line":62,"column":4},"end":{"line":67,"column":5}},"18":{"start":{"line":63,"column":22},"end":{"line":63,"column":58}},"19":{"start":{"line":64,"column":8},"end":{"line":64,"column":27}},"20":{"start":{"line":65,"column":8},"end":{"line":65,"column":43}},"21":{"start":{"line":66,"column":8},"end":{"line":66,"column":20}},"22":{"start":{"line":70,"column":28},"end":{"line":70,"column":78}},"23":{"start":{"line":71,"column":4},"end":{"line":76,"column":5}},"24":{"start":{"line":72,"column":22},"end":{"line":72,"column":58}},"25":{"start":{"line":73,"column":8},"end":{"line":73,"column":27}},"26":{"start":{"line":74,"column":8},"end":{"line":74,"column":43}},"27":{"start":{"line":75,"column":8},"end":{"line":75,"column":20}},"28":{"start":{"line":79,"column":4},"end":{"line":84,"column":5}},"29":{"start":{"line":80,"column":22},"end":{"line":80,"column":45}},"30":{"start":{"line":81,"column":8},"end":{"line":81,"column":27}},"31":{"start":{"line":82,"column":8},"end":{"line":82,"column":39}},"32":{"start":{"line":83,"column":8},"end":{"line":83,"column":20}},"33":{"start":{"line":86,"column":4},"end":{"line":91,"column":5}},"34":{"start":{"line":87,"column":22},"end":{"line":87,"column":45}},"35":{"start":{"line":88,"column":8},"end":{"line":88,"column":27}},"36":{"start":{"line":89,"column":8},"end":{"line":89,"column":39}},"37":{"start":{"line":90,"column":8},"end":{"line":90,"column":20}},"38":{"start":{"line":94,"column":24},"end":{"line":94,"column":45}},"39":{"start":{"line":95,"column":25},"end":{"line":95,"column":47}},"40":{"start":{"line":98,"column":22},"end":{"line":98,"column":32}},"41":{"start":{"line":99,"column":4},"end":{"line":99,"column":47}},"42":{"start":{"line":101,"column":4},"end":{"line":105,"column":7}},"43":{"start":{"line":107,"column":4},"end":{"line":116,"column":6}},"44":{"start":{"line":119,"column":0},"end":{"line":126,"column":2}},"45":{"start":{"line":121,"column":4},"end":{"line":123,"column":7}},"46":{"start":{"line":125,"column":4},"end":{"line":125,"column":16}},"47":{"start":{"line":128,"column":0},"end":{"line":186,"column":2}},"48":{"start":{"line":129,"column":4},"end":{"line":134,"column":5}},"49":{"start":{"line":130,"column":22},"end":{"line":130,"column":50}},"50":{"start":{"line":131,"column":8},"end":{"line":131,"column":27}},"51":{"start":{"line":132,"column":8},"end":{"line":132,"column":36}},"52":{"start":{"line":133,"column":8},"end":{"line":133,"column":20}},"53":{"start":{"line":137,"column":23},"end":{"line":139,"column":6}},"54":{"start":{"line":141,"column":4},"end":{"line":146,"column":5}},"55":{"start":{"line":142,"column":22},"end":{"line":142,"column":54}},"56":{"start":{"line":143,"column":8},"end":{"line":143,"column":27}},"57":{"start":{"line":144,"column":8},"end":{"line":144,"column":37}},"58":{"start":{"line":145,"column":8},"end":{"line":145,"column":20}},"59":{"start":{"line":149,"column":4},"end":{"line":155,"column":5}},"60":{"start":{"line":150,"column":8},"end":{"line":150,"column":35}},"61":{"start":{"line":151,"column":22},"end":{"line":151,"column":50}},"62":{"start":{"line":152,"column":8},"end":{"line":152,"column":27}},"63":{"start":{"line":153,"column":8},"end":{"line":153,"column":37}},"64":{"start":{"line":154,"column":8},"end":{"line":154,"column":20}},"65":{"start":{"line":159,"column":4},"end":{"line":169,"column":5}},"66":{"start":{"line":160,"column":8},"end":{"line":163,"column":10}},"67":{"start":{"line":165,"column":22},"end":{"line":165,"column":49}},"68":{"start":{"line":166,"column":8},"end":{"line":166,"column":27}},"69":{"start":{"line":167,"column":8},"end":{"line":167,"column":37}},"70":{"start":{"line":168,"column":8},"end":{"line":168,"column":20}},"71":{"start":{"line":172,"column":17},"end":{"line":172,"column":48}},"72":{"start":{"line":173,"column":4},"end":{"line":178,"column":5}},"73":{"start":{"line":174,"column":22},"end":{"line":174,"column":50}},"74":{"start":{"line":175,"column":8},"end":{"line":175,"column":27}},"75":{"start":{"line":176,"column":8},"end":{"line":176,"column":38}},"76":{"start":{"line":177,"column":8},"end":{"line":177,"column":20}},"77":{"start":{"line":181,"column":27},"end":{"line":181,"column":48}},"78":{"start":{"line":183,"column":4},"end":{"line":185,"column":6}}},"fnMap":{"0":{"name":"signAccessToken","decl":{"start":{"line":5,"column":9},"end":{"line":5,"column":24}},"loc":{"start":{"line":5,"column":31},"end":{"line":11,"column":1}},"line":5},"1":{"name":"signRefreshToken","decl":{"start":{"line":13,"column":9},"end":{"line":13,"column":25}},"loc":{"start":{"line":13,"column":32},"end":{"line":19,"column":1}},"line":13},"2":{"name":"(anonymous_2)","decl":{"start":{"line":21,"column":17},"end":{"line":21,"column":18}},"loc":{"start":{"line":21,"column":95},"end":{"line":53,"column":1}},"line":21},"3":{"name":"(anony
[...]
"line":52,"column":4},"end":{"line":55,"column":7}},"31":{"start":{"line":57,"column":4},"end":{"line":57,"column":16}},"32":{"start":{"line":61,"column":0},"end":{"line":80,"column":2}},"33":{"start":{"line":62,"column":17},"end":{"line":62,"column":42}},"34":{"start":{"line":63,"column":17},"end":{"line":63,"column":43}},"35":{"start":{"line":64,"column":19},"end":{"line":64,"column":30}},"36":{"start":{"line":66,"column":35},"end":{"line":71,"column":6}},"37":{"start":{"line":73,"column":4},"end":{"line":79,"column":6}},"38":{"start":{"line":82,"column":0},"end":{"line":95,"column":2}},"39":{"start":{"line":83,"column":17},"end":{"line":85,"column":6}},"40":{"start":{"line":87,"column":4},"end":{"line":92,"column":5}},"41":{"start":{"line":88,"column":22},"end":{"line":88,"column":50}},"42":{"start":{"line":89,"column":8},"end":{"line":89,"column":27}},"43":{"start":{"line":90,"column":8},"end":{"line":90,"column":38}},"44":{"start":{"line":91,"column":8},"end":{"line":91,"column":20}},"45":{"start":{"line":94,"column":4},"end":{"line":94,"column":16}},"46":{"start":{"line":97,"column":0},"end":{"line":120,"column":2}},"47":{"start":{"line":98,"column":17},"end":{"line":98,"column":44}},"48":{"start":{"line":100,"column":4},"end":{"line":105,"column":5}},"49":{"start":{"line":101,"column":22},"end":{"line":101,"column":50}},"50":{"start":{"line":102,"column":8},"end":{"line":102,"column":27}},"51":{"start":{"line":103,"column":8},"end":{"line":103,"column":38}},"52":{"start":{"line":104,"column":8},"end":{"line":104,"column":20}},"53":{"start":{"line":107,"column":4},"end":{"line":112,"column":5}},"54":{"start":{"line":108,"column":22},"end":{"line":108,"column":47}},"55":{"start":{"line":109,"column":8},"end":{"line":109,"column":27}},"56":{"start":{"line":110,"column":8},"end":{"line":110,"column":38}},"57":{"start":{"line":111,"column":8},"end":{"line":111,"column":20}},"58":{"start":{"line":114,"column":4},"end":{"line":117,"column":7}},"59":{"start":{"line":119,"column":4},"end":{"line":119,"column":16}}},"fnMap":{"0":{"name":"(anonymous_0)","decl":{"start":{"line":4,"column":16},"end":{"line":4,"column":17}},"loc":{"start":{"line":4,"column":34},"end":{"line":17,"column":1}},"line":4},"1":{"name":"(anonymous_1)","decl":{"start":{"line":19,"column":19},"end":{"line":19,"column":20}},"loc":{"start":{"line":19,"column":43},"end":{"line":40,"column":1}},"line":19},"2":{"name":"(anonymous_2)","decl":{"start":{"line":42,"column":19},"end":{"line":42,"column":20}},"loc":{"start":{"line":42,"column":37},"end":{"line":58,"column":1}},"line":42},"3":{"name":"(anonymous_3)","decl":{"start":{"line":61,"column":19},"end":{"line":61,"column":20}},"loc":{"start":{"line":61,"column":41},"end":{"line":80,"column":1}},"line":61},"4":{"name":"(anonymous_4)","decl":{"start":{"line":82,"column":22},"end":{"line":82,"column":23}},"loc":{"start":{"line":82,"column":36},"end":{"line":95,"column":1}},"line":82},"5":{"name":"(anonymous_5)","decl":{"start":{"line":97,"column":27},"end":{"line":97,"column":28}},"loc":{"start":{"line":97,"column":53},"end":{"line":120,"column":1}},"line":97}},"branchMap":{"0":{"loc":{"start":{"line":9,"column":4},"end":{"line":14,"column":5}},"type":"if","locations":[{"start":{"line":9,"column":4},"end":{"line":14,"column":5}},{"start":{},"end":{}}],"line":9},"1":{"loc":{"start":{"line":22,"column":4},"end":{"line":27,"column":5}},"type":"if","locations":[{"start":{"line":22,"column":4},"end":{"line":27,"column":5}},{"start":{},"end":{}}],"line":22},"2":{"loc":{"start":{"line":30,"column":4},"end":{"line":33,"column":5}},"type":"if","locations":[{"start":{"line":30,"column":4},"end":{"line":33,"column":5}},{"start":{},"end":{}}],"line":30},"3":{"loc":{"start":{"line":45,"column":4},"end":{"line":50,"column":5}},"type":"if","locations":[{"start":{"line":45,"column":4},"end":{"line":50,"column":5}},{"start":{},"end":{}}],"line":45},"4":{"loc":{"start":{"line":61,"column":26},"end":{"line":61,"column":36}},"type":"default-arg","locations":[{"start":{"line":61,"column":34},"end":{"line":61,"column":36}}],"line":61},"5":{"loc":{"start":{"line":62,"column":17},"end":{"line":62,"column":42}},"type":"binary-expr","locations":[{"start":{"line":62,"column":17},"end":{"line":62,"column":37}},{"start":{"line":62,"column":41},"end":{"line":62,"column":42}}],"line":62},"6":{"loc":{"start":{"line":63,"column":17},"end":{"line":63,"column":43}},"type":"binary-expr","locations":[{"start":{"line":63,"column":17},"end":{"line":63,"column":37}},{"start":{"line":63,"column":41},"end":{"line":63,"column":43}}],"line":63},"7":{"loc":{"start":{"line":87,"column":4},"end":{"line":92,"column":5}},"type":"if","locations":[{"start":{"line":87,"column":4},"end":{"line":92,"column":5}},{"start":{},"end":{}}],"line":87},"8":{"loc":{"start":{"line":100,"column":4},"end":{"line":105,"column":5}},"type":"if","locations":[{"start":{"line":100,"column":4},"end":{"line":105,"column":5}},{"start":{},"end":{}}],"line":100},"9":{"loc":{"start":{"line":107,"column":4},"end":{"line":112,"column":5}},"type":"if","locations":[{"start":{"line":107,"column":4},"end":{"line":112,"column":5}},{"start":{},"end":{}}],"line":107},"10":{"loc":{"start":{"line":116,"column":12},"end":{"line":116,"column":62}},"type":"binary-expr","locations":[{"start":{"line":116,"column":12},"end":{"line":116,"column":32}},{"start":{"line":116,"column":36},"end":{"line":116,"column":62}}],"line":116}},"s":{"0":4,"1":4,"2":4,"3":1,"4":1,"5":0,"6":0,"7":0,"8":0,"9":1,"10":4,"11":1,"12":1,"13":0,"14":0,"15":0,"16":0,"17":1,"18":0,"19":0,"20":1,"21":1,"22":1,"23":4,"24":1,"25":1,"26":0,"27":0,"28":0,"29":0,"30":1,"31":1,"32":4,"33":0,"34":0,"35":0,"36":0,"37":0,"38":4,"39":0,"40":0,"41":0,"42":0,"43":0,"44":0,"45":0,"46":4,"47":0,"48":0,"49":0,"50":0,"51":0,"52":0,"53":0,"54":0,"55":0,"56":0,"57":0,"58":0,"59":0},"f":{"0":1,"1":1,"2":1,"3":0,"4":0,"5":0},"b":{"0":[0,1],"1":[0,1],"2":[0,1],"3":[0,1],"4":[0],"5":[0,0],"6":[0,0],"7":[0,0],"8":[0,0],"9":[0,0],"10":[0,0]},"_coverageSchema":"1a1c01bbd47fc00a2c39e90264f33305004495a9","hash":"c06f39307def4e6e5c548d151e0a2478d3d58d70"}
,"C:\\Users\\tpqls\\2025-WSD-Project\\bookstore-backend\\src\\services\\wishlist.service.js": {"path":"C:\\Users\\tpqls\\2025-WSD-Project\\bookstore-backend\\src\\services\\wishlist.service.js","statementMap":{"0":{"start":{"line":1,"column":27},"end":{"line":1,"column":47}},"1":{"start":{"line":3,"column":0},"end":{"line":25,"column":2}},"2":{"start":{"line":4,"column":17},"end":{"line":4,"column":44}},"3":{"start":{"line":5,"column":4},"end":{"line":10,"column":5}},"4":{"start":{"line":6,"column":22},"end":{"line":6,"column":49}},"5":{"start":{"line":7,"column":8},"end":{"line":7,"column":27}},"6":{"start":{"line":8,"column":8},"end":{"line":8,"column":38}},"7":{"start":{"line":9,"column":8},"end":{"line":9,"column":20}},"8":{"start":{"line":12,"column":21},"end":{"line":14,"column":6}},"9":{"start":{"line":16,"column":4},"end":{"line":21,"column":5}},"10":{"start":{"line":17,"column":22},"end":{"line":17,"column":55}},"11":{"start":{"line":18,"column":8},"end":{"line":18,"column":27}},"12":{"start":{"line":19,"column":8},"end":{"line":19,"column":42}},"13":{"start":{"line":20,"column":8},"end":{"line":20,"column":20}},"14":{"start":{"line":23,"column":4},"end":{"line":23,"column":64}},"15":{"start":{"line":24,"column":4},"end":{"line":24,"column":42}},"16":{"start":{"line":27,"column":0},"end":{"line":65,"column":2}},"17":{"start":{"line":28,"column":17},"end":{"line":28,"column":42}},"18":{"start":{"line":29,"column":17},"end":{"line":29,"column":43}},"19":{"start":{"line":30,"column":19},"end":{"line":30,"column":30}},"20":{"start":{"line":32,"column":39},"end":{"line":43,"column":6}},"21":{"start":{"line":46,"column":18},"end":{"line":56,"column":6}},"22":{"start":{"line":47,"column":21},"end":{"line":47,"column":36}},"23":{"start":{"line":48,"column":8},"end":{"line":55,"column":10}},"24":{"start":{"line":58,"column":4},"end":{"line":64,"column":6}},"25":{"start":{"line":67,"column":0},"end":{"line":81,"column":2}},"26":{"start":{"line":68,"column":21},"end":{"line":70,"column":6}},"27":{"start":{"line":72,"column":4},"end":{"line":77,"column":5}},"28":{"start":{"line":73,"column":22},"end":{"line":73,"column":54}},"29":{"start":{"line":74,"column":8},"end":{"line":74,"column":27}},"30":{"start":{"line":75,"column":8},"end":{"line":75,"column":42}},"31":{"start":{"line":76,"column":8},"end":{"line":76,"column":20}},"32":{"start":{"line":79,"column":4},"end":{"line":79,"column":29}},"33":{"start":{"line":80,"column":4},"end":{"line":80,"column":43}}},"fnMap":{"0":{"name":"(anonymous_0)","decl":{"start":{"line":3,"column":24},"end":{"line":3,"column":25}},"loc":{"start":{"line":3,"column":50},"end":{"line":25,"column":1}},"line":3},"1":{"name":"(anonymous_1)","decl":{"start":{"line":27,"column":24},"end":{"line":27,"column":25}},"loc":{"start":{"line":27,"column":54},"end":{"line":65,"column":1}},"line":27},"2":{"name":"(anonymous_2)","decl":{"start":{"line":46,"column":32},"end":{"line":46,"column":33}},"loc":{"start":{"line":46,"column":37},"end":{"line":56,"column":5}},"line":46},"3":{"name":"(anonymous_3)","decl":{"start":{"line":67,"column":29},"end":{"line":67,"column":30}},"loc":{"start":{"line":67,"column":55},"end":{"line":81,"column":1}},"line":67}},"branchMap":{"0":{"loc":{"start":{"line":5,"column":4},"end":{"line":10,"column":5}},"type":"if","locations":[{"start":{"line":5,"column":4},"end":{"line":10,"column":5}},{"start":{},"end":{}}],"line":5},"1":{"loc":{"start":{"line":5,"column":8},"end":{"line":5,"column":42}},"type":"binary-expr","locations":[{"start":{"line":5,"column":8},"end":{"line":5,"column":13}},{"start":{"line":5,"column":17},"end":{"line":5,"column":42}}],"line":5},"2":{"loc":{"start":{"line":16,"column":4},"end":{"line":21,"column":5}},"type":"if","locations":[{"start":{"line":16,"column":4},"end":{"line":21,"column":5}},{"start":{},"end":{}}],"line":16},"3":{"loc":{"start":{"line":27,"column":39},"end":{"line":27,"column":49}},"type":"default-arg","locations":[{"start":{"line":27,"column":47},"end":{"line":27,"column":49}}],"line":27},"4":{"loc":{"start":{"line":28,"column":17},"end":{"line":28,"column":42}},"type":"binary-expr","locations":[{"start":{"line":28,"column":17},"end":{"line":28,"column":37}},{"start":{"line":28,"column":41},"end":{"line":28,"column":42}}],"line":28},"5":{"loc":{"start":{"line":29,"column":17},"end":{"line":29,"column":43}},"type":"binary-expr","locations":[{"start":{"line":29,"column":17},"end":{"line":29,"column":37}},{"start":{"line":29,"column":41},"end":{"line":29,"column":43}}],"line":29},"6":{"loc":{"start":{"line":52,"column":25},"end":{"line":52,"column":99}},"type":"cond-expr","locations":[{"start":{"line":52,"column":60},"end":{"line":52,"column":84}},{"start":{"line":52,"column":87},"end":{"line":52,"column":99}}],"line":52},"7":{"loc":{"start":{"line":53,"column":28},"end":{"line":53,"column":111}},"type":"cond-expr","locations":[{"start":{"line":53,"column":66},"end":{"line":53,"column":93}},{"start":{"line":53,"column":96},"end":{"line":53,"column":111}}],"line":53},"8":{"loc":{"start":{"line":72,"column":4},"end":{"line":77,"column":5}},"type":"if","locations":[{"start":{"line":72,"column":4},"end":{"line":77,"column":5}},{"start":{},"end":{}}],"line":72}},"s":{"0":4,"1":4,"2":0,"3":0,"4":0,"5":0,"6":0,"7":0,"8":0,"9":0,"10":0,"11":0,"12":0,"13":0,"14":0,"15":0,"16":4,"17":0,"18":0,"19":0,"20":0,"21":0,"22":0,"23":0,"24":0,"25":4,"26":0,"27":0,"28":0,"29":0,"30":0,"31":0,"32":0,"33":0},"f":{"0":0,"1":0,"2":0,"3":0},"b":{"0":[0,0],"1":[0,0],"2":[0,0],"3":[0],"4":[0,0],"5":[0,0],"6":[0,0],"7":[0,0],"8":[0,0]},"_coverageSchema":"1a1c01bbd47fc00a2c39e90264f33305004495a9","hash":"a313eb9660f8a18aabcae99684304214488b4f6b"}
,"C:\\Users\\tpqls\\2025-WSD-Project\\bookstore-backend\\src\\validators\\auth.validator.js": {"path":"C:\\Users\\tpqls\\2025-WSD-Project\\bookstore-backend\\src\\validators\\auth.validator.js","statementMap":{"0":{"start":{"line":1,"column":12},"end":{"line":1,"column":26}},"1":{"start":{"line":6,"column":0},"end":{"line":63,"column":3}},"2":{"start":{"line":68,"column":0},"end":{"line":82,"column":3}},"3":{"start":{"line":87,"column":0},"end":{"line":93,"column":3}}},"fnMap":{},"branchMap":{},"s":{"0":4,"1":4,"2":4,"3":4},"f":{},"b":{},"_coverageSchema":"1a1c01bbd47fc00a2c39e90264f33305004495a9","hash":"04a1c7a84858e035a3563e0451ca326018484bfa"}
,"C:\\Users\\tpqls\\2025-WSD-Project\\bookstore-backend\\src\\validators\\book.validator.js": {"path":"C:\\Users\\tpqls\\2025-WSD-Project\\bookstore-backend\\src\\validators\\book.validator.js","statementMap":{"0":{"start":{"line":1,"column":12},"end":{"line":1,"column":26}},"1":{"start":{"line":6,"column":0},"end":{"line":92,"column":3}},"2":{"start":{"line":97,"column":0},"end":{"line":179,"column":3}}},"fnMap":{},"branchMap":{},"s":{"0":4,"1":4,"2":4},"f":{},"b":{},"_coverageSchema":"1a1c01bbd47fc00a2c39e90264f33305004495a9","hash":"ecfafd7b0a4bbc583434bd08f6645f5a0c5f9d22"}
,"C:\\Users\\tpqls\\2025-WSD-Project\\bookstore-backend\\src\\validators\\user.validator.js": {"path":"C:\\Users\\tpqls\\2025-WSD-Project\\bookstore-backend\\src\\validators\\user.validator.js","statementMap":{"0":{"start":{"line":1,"column":12},"end":{"line":1,"column":26}},"1":{"start":{"line":6,"column":0},"end":{"line":55,"column":3}},"2":{"start":{"line":60,"column":0},"end":{"line":68,"column":3}}},"fnMap":{},"branchMap":{},"s":{"0":4,"1":4,"2":4},"f":{},"b":{},"_coverageSchema":"1a1c01bbd47fc00a2c39e90264f33305004495a9","hash":"5b27364c59682b3eacfe0ab1dd6f5aef0c6edd00"}
,"C:\\Users\\tpqls\\2025-WSD-Project\\bookstore-backend\\tests\\helpers.js": {"path":"C:\\Users\\tpqls\\2025-WSD-Project\\bookstore-backend\\tests\\helpers.js","statementMap":{"0":{"start":{"line":1,"column":0},"end":{"line":1,"column":27}},"1":{"start":{"line":3,"column":16},"end":{"line":3,"column":36}},"2":{"start":{"line":4,"column":12},"end":{"line":4,"column":33}},"3":{"start":{"line":5,"column":11},"end":{"line":5,"column":35}},"4":{"start":{"line":7,"column":23},"end":{"line":29,"column":1}},"5":{"start":{"line":8,"column":24},"end":{"line":14,"column":5}},"6":{"start":{"line":16,"column":21},"end":{"line":18,"column":26}},"7":{"start":{"line":20,"column":4},"end":{"line":23,"column":5}},"8":{"start":{"line":21,"column":8},"end":{"line":21,"column":49}},"9":{"start":{"line":22,"column":8},"end":{"line":22,"column":80}},"10":{"start":{"line":25,"column":4},"end":{"line":28,"column":6}},"11":{"start":{"line":31,"column":22},"end":{"line":46,"column":1}},"12":{"start":{"line":32,"column":21},"end":{"line":34,"column":34}},"13":{"start":{"line":36,"column":4},"end":{"line":39,"column":5}},"14":{"start":{"line":37,"column":8},"end":{"line":37,"column":48}},"15":{"start":{"line":38,"column":8},"end":{"line":38,"column":79}},"16":{"start":{"line":41,"column":4},"end":{"line":45,"column":6}},"17":{"start":{"line":48,"column":19},"end":{"line":81,"column":1}},"18":{"start":{"line":49,"column":4},"end":{"line":80,"column":5}},"19":{"start":{"line":50,"column":8},"end":{"line":50,"column":72}},"20":{"start":{"line":52,"column":8},"end":{"line":52,"column":53}},"21":{"start":{"line":53,"column":8},"end":{"line":79,"column":9}},"22":{"start":{"line":54,"column":12},"end":{"line":54,"column":76}},"23":{"start":{"line":56,"column":12},"end":{"line":56,"column":63}},"24":{"start":{"line":58,"column":31},"end":{"line":58,"column":63}},"25":{"start":{"line":59,"column":29},"end":{"line":66,"column":18}},"26":{"start":{"line":68,"column":12},"end":{"line":70,"column":13}},"27":{"start":{"line":69,"column":16},"end":{"line":69,"column":73}},"28":{"start":{"line":72,"column":26},"end":{"line":72,"column":81}},"29":{"start":{"line":73,"column":12},"end":{"line":76,"column":13}},"30":{"start":{"line":74,"column":16},"end":{"line":74,"column":54}},"31":{"start":{"line":75,"column":16},"end":{"line":75,"column":48}},"32":{"start":{"line":78,"column":12},"end":{"line":78,"column":66}},"33":{"start":{"line":83,"column":23},"end":{"line":107,"column":1}},"34":{"start":{"line":84,"column":24},"end":{"line":94,"column":5}},"35":{"start":{"line":96,"column":21},"end":{"line":99,"column":26}},"36":{"start":{"line":101,"column":4},"end":{"line":104,"column":5}},"37":{"start":{"line":102,"column":8},"end":{"line":102,"column":50}},"38":{"start":{"line":103,"column":8},"end":{"line":103,"column":81}},"39":{"start":{"line":106,"column":4},"end":{"line":106,"column":25}},"40":{"start":{"line":109,"column":0},"end":{"line":115,"column":2}}},"fnMap":{"0":{"name":"(anonymous_0)","decl":{"start":{"line":7,"column":23},"end":{"line":7,"column":24}},"loc":{"start":{"line":7,"column":48},"end":{"line":29,"column":1}},"line":7},"1":{"name":"(anonymous_1)","decl":{"start":{"line":31,"column":22},"end":{"line":31,"column":23}},"loc":{"start":{"line":31,"column":49},"end":{"line":46,"column":1}},"line":31},"2":{"name":"(anonymous_2)","decl":{"start":{"line":48,"column":19},"end":{"line":48,"column":20}},"loc":{"start":{"line":48,"column":31},"end":{"line":81,"column":1}},"line":48},"3":{"name":"(anonymous_3)","decl":{"start":{"line":83,"column":23},"end":{"line":83,"column":24}},"loc":{"start":{"line":83,"column":60},"end":{"line":107,"column":1}},"line":83}},"branchMap":{"0":{"loc":{"start":{"line":7,"column":30},"end":{"line":7,"column":43}},"type":"default-arg","locations":[{"start":{"line":7,"column":41},"end":{"line":7,"column":43}}],"line":7},"1":{"loc":{"start":{"line":20,"column":4},"end":{"line":23,"column":5}},"type":"if","locations":[{"start":{"line":20,"column":4},"end":{"line":23,"column":5}},{"start":{},"end":{}}],"line":20},"2":{"loc":{"start":{"line":22,"column":36},"end":{"line":22,"column":76}},"type":"binary-expr","locations":[{"start":{"line":22,"column":36},"end":{"line":22,"column":57}},{"start":{"line":22,"column":61},"end":{"line":22,"column":76}}],"line":22},"3":{"loc":{"start":{"line":36,"column":4},"end":{"line":39,"column":5}},"type":"if","locations":[{"start":{"line":36,"column":4},"end":{"line":39,"column":5}},{"start":{},"end":{}}],"line":36},"4":{"loc":{"start":{"line":38,"column":35},"end":{"line":38,"column":75}},"type":"binary-expr","locations":[{"start":{"line":38,"column":35},"end":{"line":38,"column":56}},{"start":{"line":38,"column":60},"end":{"line":38,"column":75}}],"line":38},"5":{"loc":{"start":{"line":68,"column":12},"end":{"line":70,"column":13}},"type":"if","locations":[{"start":{"line":68,"column":12},"end":{"line":70,"column":13}},{"start":{},"end":{}}],"line":68},"6":{"loc":{"start":{"line":73,"column":12},"end":{"line":76,"column":13}},"type":"if","locations":[{"start":{"line":73,"column":12},"end":{"line":76,"column":13}},{"start":{},"end":{}}],"line":73},"7":{"loc":{"start":{"line":83,"column":42},"end":{"line":83,"column":55}},"type":"default-arg","locations":[{"start":{"line":83,"column":53},"end":{"line":83,"column":55}}],"line":83},"8":{"loc":{"start":{"line":101,"column":4},"end":{"line":104,"column":5}},"type":"if","locations":[{"start":{"line":101,"column":4},"end":{"line":104,"column":5}},{"start":{},"end":{}}],"line":101},"9":{"loc":{"start":{"line":103,"column":37},"end":{"line":103,"column":77}},"type":"binary-expr","locations":[{"start":{"line":103,"column":37},"end":{"line":103,"column":58}},{"start":{"line":103,"column":62},"end":{"line":103,"column":77}}],"line":103}},"s":{"0":4,"1":4,"2":4,"3":4,"4":4,"5":5,"6":5,"7":5,"8":0,"9":0,"10":5,"11":4,"12":10,"13":10,"14":4,"15":4,"16":6,"17":4,"18":2,"19":2,"20":2,"21":2,"22":2,"23":2,"24":2,"25":2,"26":2,"27":0,"28":2,"29":2,"30":2,"31":2,"32":2,"33":4,"34":2,"35":2,"36":2,"37":0,"38":0,"39":2,"40":4},"f":{"0":5,"1":10,"2":2,"3":2},"b":{"0":[5],"1":[0,5],"2":[0,0],"3":[4,6],"4":[4,0],"5":[0,2],"6":[2,0],"7":[2],"8":[0,2],"9":[0,0]},"_coverageSchema":"1a1c01bbd47fc00a2c39e90264f33305004495a9","hash":"f830667a2600fa9bb66d8b0539254bb8582d4eaf"}
}
