TN:
SF:docs\swagger.js
FNF:0
FNH:0
DA:1,4
DA:3,4
DA:44,4
DA:46,4
LF:4
LH:4
BRF:0
BRH:0
end_of_record
TN:
SF:src\app.js
FN:44,(anonymous_0)
FNF:1
FNH:0
FNDA:0,(anonymous_0)
DA:1,4
DA:2,4
DA:3,4
DA:4,4
DA:6,4
DA:9,4
DA:10,4
DA:11,4
DA:12,4
DA:13,4
DA:16,4
DA:17,4
DA:20,4
DA:21,4
DA:22,4
DA:23,4
DA:24,4
DA:25,4
DA:26,4
DA:27,4
DA:28,4
DA:29,4
DA:32,4
DA:33,4
DA:34,4
DA:35,4
DA:36,4
DA:37,4
DA:38,4
DA:39,4
DA:40,4
DA:41,4
DA:44,4
DA:45,0
DA:54,4
DA:57,4
DA:58,4
DA:61,4
DA:62,4
DA:64,4
LF:40
LH:39
BRF:0
BRH:0
end_of_record
TN:
SF:src\controllers\auth.controller.js
FN:3,(anonymous_0)
FN:12,(anonymous_1)
FN:22,(anonymous_2)
FN:33,(anonymous_3)
FNF:4
FNH:3
FNDA:10,(anonymous_0)
FNDA:12,(anonymous_1)
FNDA:1,(anonymous_2)
FNDA:0,(anonymous_3)
DA:1,4
DA:3,4
DA:4,10
DA:5,10
DA:6,9
DA:8,1
DA:12,4
DA:13,12
DA:14,12
DA:15,12
DA:16,7
DA:18,5
DA:22,4
DA:23,1
DA:24,1
DA:25,1
DA:29,0
DA:33,4
DA:34,0
DA:35,0
DA:36,0
DA:37,0
DA:39,0
LF:23
LH:17
BRF:0
BRH:0
end_of_record
TN:
SF:src\controllers\book.controller.js
FN:3,(anonymous_0)
FN:12,(anonymous_1)
FN:22,(anonymous_2)
FN:31,(anonymous_3)
FN:41,(anonymous_4)
FNF:5
FNH:3
FNDA:3,(anonymous_0)
FNDA:0,(anonymous_1)
FNDA:3,(anonymous_2)
FNDA:1,(anonymous_3)
FNDA:0,(anonymous_4)
DA:1,4
DA:3,4
DA:4,3
DA:5,3
DA:6,3
DA:8,0
DA:12,4
DA:13,0
DA:14,0
DA:15,0
DA:16,0
DA:18,0
DA:22,4
DA:23,3
DA:24,3
DA:25,3
DA:27,0
DA:31,4
DA:32,1
DA:33,1
DA:34,1
DA:35,1
DA:37,0
DA:41,4
DA:42,0
DA:43,0
DA:44,0
DA:45,0
DA:49,0
LF:29
LH:16
BRF:0
BRH:0
end_of_record
TN:
SF:src\controllers\cart.controller.js
FN:3,(anonymous_0)
FN:12,(anonymous_1)
FN:21,(anonymous_2)
FN:31,(anonymous_3)
FN:41,(anonymous_4)
FNF:5
FNH:0
FNDA:0,(anonymous_0)
FNDA:0,(anonymous_1)
FNDA:0,(anonymous_2)
FNDA:0,(anonymous_3)
FNDA:0,(anonymous_4)
DA:1,4
DA:3,4
DA:4,0
DA:5,0
DA:6,0
DA:8,0
DA:12,4
DA:13,0
DA:14,0
DA:15,0
DA:17,0
DA:21,4
DA:22,0
DA:23,0
DA:24,0
DA:25,0
DA:27,0
DA:31,4
DA:32,0
DA:33,0
DA:34,0
DA:35,0
DA:37,0
DA:41,4
DA:42,0
DA:43,0
DA:44,0
DA:46,0
DA:50,4
LF:29
LH:7
BRF:0
BRH:0
end_of_record
TN:
SF:src\controllers\comment.controller.js
FN:3,(anonymous_0)
FN:13,(anonymous_1)
FN:23,(anonymous_2)
FN:33,(anonymous_3)
FN:43,(anonymous_4)
FNF:5
FNH:0
FNDA:0,(anonymous_0)
FNDA:0,(anonymous_1)
FNDA:0,(anonymous_2)
FNDA:0,(anonymous_3)
FNDA:0,(anonymous_4)
DA:1,4
DA:3,4
DA:4,0
DA:5,0
DA:6,0
DA:7,0
DA:9,0
DA:13,4
DA:14,0
DA:15,0
DA:16,0
DA:17,0
DA:19,0
DA:23,4
DA:24,0
DA:25,0
DA:26,0
DA:27,0
DA:29,0
DA:33,4
DA:34,0
DA:35,0
DA:36,0
DA:37,0
DA:39,0
DA:43,4
DA:44,0
DA:45,0
DA:46,0
DA:48,0
LF:30
LH:6
BRF:0
BRH:0
end_of_record
TN:
SF:src\controllers\like.controller.js
FN:3,(anonymous_0)
FN:13,(anonymous_1)
FNF:2
FNH:0
FNDA:0,(anonymous_0)
FNDA:0,(anonymous_1)
DA:1,4
DA:3,4
DA:4,0
DA:5,0
DA:6,0
DA:7,0
DA:9,0
DA:13,4
DA:14,0
DA:15,0
DA:16,0
DA:17,0
DA:19,0
DA:23,4
LF:14
LH:4
BRF:0
BRH:0
end_of_record
TN:
SF:src\controllers\order.controller.js
FN:3,(anonymous_0)
FN:12,(anonymous_1)
FN:21,(anonymous_2)
FN:31,(anonymous_3)
FN:43,(anonymous_4)
FNF:5
FNH:2
FNDA:1,(anonymous_0)
FNDA:1,(anonymous_1)
FNDA:0,(anonymous_2)
FNDA:0,(anonymous_3)
FNDA:0,(anonymous_4)
DA:1,4
DA:3,4
DA:4,1
DA:5,1
DA:6,1
DA:8,0
DA:12,4
DA:13,1
DA:14,1
DA:15,1
DA:17,0
DA:21,4
DA:22,0
DA:23,0
DA:24,0
DA:25,0
DA:27,0
DA:31,4
DA:32,0
DA:33,0
DA:34,0
DA:35,0
DA:36,0
DA:38,0
DA:43,4
DA:44,0
DA:45,0
DA:46,0
DA:48,0
LF:29
LH:12
BRF:0
BRH:0
end_of_record
TN:
SF:src\controllers\review.controller.js
FN:3,(anonymous_0)
FN:13,(anonymous_1)
FN:23,(anonymous_2)
FN:33,(anonymous_3)
FN:43,(anonymous_4)
FN:53,(anonymous_5)
FNF:6
FNH:0
FNDA:0,(anonymous_0)
FNDA:0,(anonymous_1)
FNDA:0,(anonymous_2)
FNDA:0,(anonymous_3)
FNDA:0,(anonymous_4)
FNDA:0,(anonymous_5)
DA:1,4
DA:3,4
DA:4,0
DA:5,0
DA:6,0
DA:7,0
DA:9,0
DA:13,4
DA:14,0
DA:15,0
DA:16,0
DA:17,0
DA:19,0
DA:23,4
DA:24,0
DA:25,0
DA:26,0
DA:27,0
DA:29,0
DA:33,4
DA:34,0
DA:35,0
DA:36,0
DA:37,0
DA:39,0
DA:43,4
DA:44,0
DA:45,0
DA:46,0
DA:47,0
DA:49,0
DA:53,4
DA:54,0
DA:55,0
DA:56,0
DA:58,0
LF:36
LH:7
BRF:0
BRH:0
end_of_record
TN:
SF:src\controllers\stats.controller.js
FN:3,(anonymous_0)
FN:12,(anonymous_1)
FN:21,(anonymous_2)
FNF:3
FNH:0
FNDA:0,(anonymous_0)
FNDA:0,(anonymous_1)
FNDA:0,(anonymous_2)
DA:1,4
DA:3,4
DA:4,0
DA:5,0
DA:6,0
DA:8,0
DA:12,4
DA:13,0
DA:14,0
DA:15,0
DA:17,0
DA:21,4
DA:22,0
DA:23,0
DA:24,0
DA:26,0
DA:30,4
LF:17
LH:5
BRF:0
BRH:0
end_of_record
TN:
SF:src\controllers\user.controller.js
FN:3,(anonymous_0)
FN:12,(anonymous_1)
FN:21,(anonymous_2)
FN:33,(anonymous_3)
FN:42,(anonymous_4)
FN:51,(anonymous_5)
FNF:6
FNH:3
FNDA:1,(anonymous_0)
FNDA:1,(anonymous_1)
FNDA:1,(anonymous_2)
FNDA:0,(anonymous_3)
FNDA:0,(anonymous_4)
FNDA:0,(anonymous_5)
DA:1,4
DA:3,4
DA:4,1
DA:5,1
DA:6,1
DA:8,0
DA:12,4
DA:13,1
DA:14,1
DA:15,1
DA:17,0
DA:21,4
DA:22,1
DA:23,1
DA:24,1
DA:28,0
DA:33,4
DA:34,0
DA:35,0
DA:36,0
DA:38,0
DA:42,4
DA:43,0
DA:44,0
DA:45,0
DA:47,0
DA:51,4
DA:52,0
DA:53,0
DA:54,0
DA:56,0
DA:58,0
DA:62,0
LF:33
LH:16
BRF:0
BRH:0
end_of_record
TN:
SF:src\controllers\wishlist.controller.js
FN:3,(anonymous_0)
FN:13,(anonymous_1)
FN:22,(anonymous_2)
FNF:3
FNH:0
FNDA:0,(anonymous_0)
FNDA:0,(anonymous_1)
FNDA:0,(anonymous_2)
DA:1,4
DA:3,4
DA:4,0
DA:5,0
DA:6,0
DA:7,0
DA:9,0
DA:13,4
DA:14,0
DA:15,0
DA:16,0
DA:18,0
DA:22,4
DA:23,0
DA:24,0
DA:25,0
DA:26,0
DA:28,0
DA:32,4
LF:19
LH:5
BRF:0
BRH:0
end_of_record
TN:
SF:src\middlewares\auth.middleware.js
FN:7,(anonymous_0)
FN:56,(anonymous_1)
FN:56,(anonymous_2)
FNF:3
FNH:3
FNDA:14,(anonymous_0)
FNDA:44,(anonymous_1)
FNDA:4,(anonymous_2)
DA:1,4
DA:2,4
DA:7,4
DA:8,14
DA:10,14
DA:11,4
DA:12,4
DA:13,4
DA:16,10
DA:18,10
DA:20,10
DA:23,10
DA:27,10
DA:28,0
DA:29,0
DA:30,0
DA:34,10
DA:35,0
DA:39,10
DA:45,10
DA:47,0
DA:48,0
DA:49,0
DA:56,44
DA:57,4
DA:58,0
DA:59,0
DA:60,0
DA:62,4
LF:29
LH:19
BRDA:10,0,0,4
BRDA:10,0,1,10
BRDA:27,1,0,0
BRDA:27,1,1,10
BRDA:34,2,0,0
BRDA:34,2,1,10
BRDA:56,3,0,0
BRDA:57,4,0,0
BRDA:57,4,1,4
BRF:9
BRH:5
end_of_record
TN:
SF:src\middlewares\error.middleware.js
FN:1,(anonymous_0)
FNF:1
FNH:1
FNDA:10,(anonymous_0)
DA:1,4
DA:2,10
DA:4,10
DA:6,10
LF:4
LH:4
BRDA:4,0,0,10
BRDA:4,0,1,0
BRDA:10,1,0,10
BRDA:10,1,1,4
BRDA:10,1,2,0
BRDA:11,2,0,10
BRDA:11,2,1,0
BRDA:12,3,0,10
BRDA:12,3,1,10
BRF:9
BRH:6
end_of_record
TN:
SF:src\middlewares\notFound.middleware.js
FN:2,(anonymous_0)
FNF:1
FNH:0
FNDA:0,(anonymous_0)
DA:2,4
DA:3,0
LF:2
LH:1
BRF:0
BRH:0
end_of_record
TN:
SF:src\middlewares\validate.middleware.js
FN:1,(anonymous_0)
FN:2,(anonymous_1)
FN:12,(anonymous_2)
FNF:3
FNH:3
FNDA:16,(anonymous_0)
FNDA:15,(anonymous_1)
FNDA:1,(anonymous_2)
DA:1,4
DA:2,16
DA:3,15
DA:5,15
DA:6,1
DA:12,1
DA:19,14
LF:7
LH:7
BRDA:5,0,0,1
BRDA:5,0,1,14
BRF:2
BRH:2
end_of_record
TN:
SF:src\models\book.js
FN:4,(anonymous_0)
FN:6,(anonymous_1)
FN:55,(anonymous_2)
FN:59,(anonymous_3)
FN:66,(anonymous_4)
FN:70,(anonymous_5)
FNF:6
FNH:6
FNDA:4,(anonymous_0)
FNDA:4,(anonymous_1)
FNDA:20,(anonymous_2)
FNDA:4,(anonymous_3)
FNDA:20,(anonymous_4)
FNDA:4,(anonymous_5)
DA:2,4
DA:4,4
DA:7,4
DA:13,4
DA:17,4
DA:21,4
DA:25,4
DA:34,4
DA:56,20
DA:57,20
DA:60,4
DA:67,20
DA:68,20
DA:71,4
DA:114,4
LF:15
LH:15
BRDA:57,0,0,13
BRDA:57,0,1,7
BRDA:68,1,0,13
BRDA:68,1,1,7
BRF:4
BRH:4
end_of_record
TN:
SF:src\models\cart.js
FN:4,(anonymous_0)
FN:6,(anonymous_1)
FNF:2
FNH:2
FNDA:4,(anonymous_0)
FNDA:4,(anonymous_1)
DA:2,4
DA:4,4
DA:7,4
DA:11,4
DA:16,4
DA:25,4
DA:47,4
LF:7
LH:7
BRF:0
BRH:0
end_of_record
TN:
SF:src\models\cartitem.js
FN:4,(anonymous_0)
FN:6,(anonymous_1)
FNF:2
FNH:2
FNDA:4,(anonymous_0)
FNDA:4,(anonymous_1)
DA:2,4
DA:4,4
DA:7,4
DA:10,4
DA:17,4
DA:50,4
LF:6
LH:6
BRF:0
BRH:0
end_of_record
TN:
SF:src\models\comment.js
FN:4,(anonymous_0)
FN:6,(anonymous_1)
FNF:2
FNH:2
FNDA:4,(anonymous_0)
FNDA:4,(anonymous_1)
DA:2,4
DA:4,4
DA:7,4
DA:11,4
DA:15,4
DA:24,4
DA:50,4
LF:7
LH:7
BRF:0
BRH:0
end_of_record
TN:
SF:src\models\commentlike.js
FN:4,(anonymous_0)
FN:6,(anonymous_1)
FNF:2
FNH:2
FNDA:4,(anonymous_0)
FNDA:4,(anonymous_1)
DA:2,4
DA:4,4
DA:7,4
DA:8,4
DA:12,4
DA:39,4
LF:6
LH:6
BRF:0
BRH:0
end_of_record
TN:
SF:src\models\index.js
FN:21,(anonymous_0)
FN:29,(anonymous_1)
FN:34,(anonymous_2)
FNF:3
FNH:3
FNDA:52,(anonymous_0)
FNDA:48,(anonymous_1)
FNDA:48,(anonymous_2)
DA:3,4
DA:4,4
DA:5,4
DA:6,4
DA:7,4
DA:8,4
DA:9,4
DA:11,4
DA:14,4
DA:15,0
DA:17,4
DA:20,4
DA:22,52
DA:30,48
DA:31,48
DA:34,4
DA:35,48
DA:36,48
DA:40,4
DA:41,4
DA:43,4
LF:21
LH:20
BRDA:8,0,0,4
BRDA:8,0,1,0
BRDA:14,1,0,0
BRDA:14,1,1,4
BRDA:23,2,0,52
BRDA:23,2,1,52
BRDA:23,2,2,48
BRDA:23,2,3,48
BRDA:35,3,0,48
BRDA:35,3,1,0
BRF:10
BRH:7
end_of_record
TN:
SF:src\models\order.js
FN:4,(anonymous_0)
FN:6,(anonymous_1)
FNF:2
FNH:2
FNDA:4,(anonymous_0)
FNDA:4,(anonymous_1)
DA:2,4
DA:4,4
DA:7,4
DA:11,4
DA:18,4
DA:41,4
LF:6
LH:6
BRF:0
BRH:0
end_of_record
TN:
SF:src\models\orderitem.js
FN:4,(anonymous_0)
FN:6,(anonymous_1)
FNF:2
FNH:2
FNDA:4,(anonymous_0)
FNDA:4,(anonymous_1)
DA:2,4
DA:4,4
DA:7,4
DA:11,4
DA:18,4
DA:54,4
LF:6
LH:6
BRF:0
BRH:0
end_of_record
TN:
SF:src\models\review.js
FN:4,(anonymous_0)
FN:6,(anonymous_1)
FNF:2
FNH:2
FNDA:4,(anonymous_0)
FNDA:4,(anonymous_1)
DA:2,4
DA:4,4
DA:7,4
DA:11,4
DA:15,4
DA:19,4
DA:28,4
DA:59,4
LF:8
LH:8
BRF:0
BRH:0
end_of_record
TN:
SF:src\models\reviewlike.js
FN:5,(anonymous_0)
FN:7,(anonymous_1)
FNF:2
FNH:2
FNDA:4,(anonymous_0)
FNDA:4,(anonymous_1)
DA:3,4
DA:5,4
DA:8,4
DA:9,4
DA:13,4
DA:40,4
LF:6
LH:6
BRF:0
BRH:0
end_of_record
TN:
SF:src\models\user.js
FN:4,(anonymous_0)
FN:6,(anonymous_1)
FNF:2
FNH:2
FNDA:4,(anonymous_0)
FNDA:4,(anonymous_1)
DA:2,4
DA:4,4
DA:8,4
DA:12,4
DA:16,4
DA:20,4
DA:24,4
DA:28,4
DA:32,4
DA:38,4
DA:44,4
DA:54,4
DA:112,4
LF:13
LH:13
BRF:0
BRH:0
end_of_record
TN:
SF:src\models\userrefreshtoken.js
FN:4,(anonymous_0)
FN:6,(anonymous_1)
FNF:2
FNH:2
FNDA:4,(anonymous_0)
FNDA:4,(anonymous_1)
DA:2,4
DA:4,4
DA:7,4
DA:15,4
DA:51,4
LF:5
LH:5
BRF:0
BRH:0
end_of_record
TN:
SF:src\models\wishlist.js
FN:4,(anonymous_0)
FN:6,(anonymous_1)
FNF:2
FNH:2
FNDA:4,(anonymous_0)
FNDA:4,(anonymous_1)
DA:2,4
DA:4,4
DA:7,4
DA:11,4
DA:18,4
DA:45,4
LF:6
LH:6
BRF:0
BRH:0
end_of_record
TN:
SF:src\routes\auth.routes.js
FNF:0
FNH:0
DA:1,4
DA:2,4
DA:3,4
DA:4,4
DA:5,4
DA:38,4
DA:66,4
DA:80,4
DA:105,4
DA:107,4
LF:10
LH:10
BRF:0
BRH:0
end_of_record
TN:
SF:src\routes\book.routes.js
FNF:0
FNH:0
DA:1,4
DA:2,4
DA:3,4
DA:4,4
DA:5,4
DA:6,4
DA:40,4
DA:60,4
DA:105,4
DA:142,4
DA:167,4
DA:174,4
LF:12
LH:12
BRF:0
BRH:0
end_of_record
TN:
SF:src\routes\cart.routes.js
FNF:0
FNH:0
DA:1,4
DA:2,4
DA:3,4
DA:32,4
DA:46,4
DA:78,4
DA:98,4
DA:112,4
DA:114,4
LF:9
LH:9
BRF:0
BRH:0
end_of_record
TN:
SF:src\routes\comment.routes.js
FNF:0
FNH:0
DA:2,4
DA:3,4
DA:4,4
DA:35,4
DA:61,4
DA:84,4
DA:112,4
DA:132,4
DA:134,4
LF:9
LH:9
BRF:0
BRH:0
end_of_record
TN:
SF:src\routes\like.routes.js
FNF:0
FNH:0
DA:1,4
DA:2,4
DA:3,4
DA:23,4
DA:43,4
DA:63,4
DA:83,4
DA:85,4
LF:8
LH:8
BRF:0
BRH:0
end_of_record
TN:
SF:src\routes\order.routes.js
FNF:0
FNH:0
DA:1,4
DA:2,4
DA:3,4
DA:35,4
DA:58,4
DA:80,4
DA:112,4
DA:139,4
DA:141,4
LF:9
LH:9
BRF:0
BRH:0
end_of_record
TN:
SF:src\routes\review.routes.js
FNF:0
FNH:0
DA:1,4
DA:2,4
DA:3,4
DA:39,4
DA:65,4
DA:88,4
DA:106,4
DA:136,4
DA:156,4
DA:158,4
LF:10
LH:10
BRF:0
BRH:0
end_of_record
TN:
SF:src\routes\stats.routes.js
FNF:0
FNH:0
DA:1,4
DA:2,4
DA:3,4
DA:19,4
DA:35,4
DA:51,4
DA:53,4
LF:7
LH:7
BRF:0
BRH:0
end_of_record
TN:
SF:src\routes\user.routes.js
FNF:0
FNH:0
DA:1,4
DA:2,4
DA:3,4
DA:4,4
DA:5,4
DA:21,4
DA:45,4
DA:59,4
DA:84,4
DA:106,4
DA:138,4
DA:146,4
LF:12
LH:12
BRF:0
BRH:0
end_of_record
TN:
SF:src\routes\wishlist.routes.js
FNF:0
FNH:0
DA:1,4
DA:2,4
DA:3,4
DA:28,4
DA:51,4
DA:71,4
DA:73,4
LF:7
LH:7
BRF:0
BRH:0
end_of_record
TN:
SF:src\services\auth.service.js
FN:5,signAccessToken
FN:13,signRefreshToken
FN:21,(anonymous_2)
FN:55,(anonymous_3)
FN:119,(anonymous_4)
FN:128,(anonymous_5)
FNF:6
FNH:5
FNDA:7,signAccessToken
FNDA:7,signRefreshToken
FNDA:10,(anonymous_2)
FNDA:12,(anonymous_3)
FNDA:1,(anonymous_4)
FNDA:0,(anonymous_5)
DA:1,4
DA:2,4
DA:3,4
DA:6,7
DA:14,7
DA:21,4
DA:23,10
DA:24,10
DA:25,1
DA:26,1
DA:27,1
DA:28,1
DA:32,9
DA:35,9
DA:47,9
DA:55,4
DA:57,12
DA:62,12
DA:63,5
DA:64,5
DA:65,5
DA:66,5
DA:70,7
DA:71,7
DA:72,0
DA:73,0
DA:74,0
DA:75,0
DA:79,7
DA:80,0
DA:81,0
DA:82,0
DA:83,0
DA:86,7
DA:87,0
DA:88,0
DA:89,0
DA:90,0
DA:94,7
DA:95,7
DA:98,7
DA:99,7
DA:101,7
DA:107,7
DA:119,4
DA:121,1
DA:125,1
DA:128,4
DA:129,0
DA:130,0
DA:131,0
DA:132,0
DA:133,0
DA:137,0
DA:141,0
DA:142,0
DA:143,0
DA:144,0
DA:145,0
DA:149,0
DA:150,0
DA:151,0
DA:152,0
DA:153,0
DA:154,0
DA:159,0
DA:160,0
DA:165,0
DA:166,0
DA:167,0
DA:168,0
DA:172,0
DA:173,0
DA:174,0
DA:175,0
DA:176,0
DA:177,0
DA:181,0
DA:183,0
LF:79
LH:36
BRDA:9,0,0,7
BRDA:9,0,1,0
BRDA:16,1,0,7
BRDA:16,1,1,0
BRDA:17,2,0,7
BRDA:17,2,1,0
BRDA:24,3,0,1
BRDA:24,3,1,9
BRDA:62,4,0,5
BRDA:62,4,1,7
BRDA:71,5,0,0
BRDA:71,5,1,7
BRDA:79,6,0,0
BRDA:79,6,1,7
BRDA:86,7,0,0
BRDA:86,7,1,7
BRDA:129,8,0,0
BRDA:129,8,1,0
BRDA:141,9,0,0
BRDA:141,9,1,0
BRDA:149,10,0,0
BRDA:149,10,1,0
BRDA:162,11,0,0
BRDA:162,11,1,0
BRDA:173,12,0,0
BRDA:173,12,1,0
BRF:26
BRH:10
end_of_record
TN:
SF:src\services\book.service.js
FN:4,(anonymous_0)
FN:44,(anonymous_1)
FN:63,(anonymous_2)
FN:82,(anonymous_3)
FN:133,(anonymous_4)
FN:187,(anonymous_5)
FNF:6
FNH:4
FNDA:3,(anonymous_0)
FNDA:15,(anonymous_1)
FNDA:0,(anonymous_2)
FNDA:3,(anonymous_3)
FNDA:1,(anonymous_4)
FNDA:0,(anonymous_5)
DA:1,4
DA:2,4
DA:4,4
DA:5,3
DA:6,3
DA:7,3
DA:10,3
DA:11,3
DA:12,0
DA:13,0
DA:17,3
DA:21,3
DA:22,1
DA:28,3
DA:30,0
DA:35,3
DA:44,3
DA:45,15
DA:46,15
DA:53,3
DA:63,4
DA:64,0
DA:66,0
DA:67,0
DA:68,0
DA:69,0
DA:70,0
DA:74,0
DA:75,0
DA:82,4
DA:94,3
DA:97,3
DA:98,0
DA:99,0
DA:100,0
DA:101,0
DA:105,3
DA:106,0
DA:107,0
DA:108,0
DA:109,0
DA:110,0
DA:111,0
DA:115,3
DA:130,3
DA:133,4
DA:134,1
DA:136,1
DA:137,0
DA:138,0
DA:139,0
DA:140,0
DA:154,1
DA:157,1
DA:158,0
DA:159,0
DA:160,0
DA:161,0
DA:164,1
DA:165,0
DA:166,0
DA:167,0
DA:168,0
DA:171,1
DA:184,1
DA:187,4
DA:188,0
DA:190,0
DA:191,0
DA:192,0
DA:193,0
DA:194,0
DA:197,0
DA:198,0
DA:199,0
DA:200,0
DA:201,0
DA:204,0
DA:209,0
LF:79
LH:33
BRDA:5,0,0,3
BRDA:5,0,1,3
BRDA:6,1,0,3
BRDA:6,1,1,2
BRDA:11,2,0,0
BRDA:11,2,1,3
BRDA:13,3,0,0
BRDA:13,3,1,0
BRDA:21,4,0,1
BRDA:21,4,1,2
BRDA:28,5,0,0
BRDA:28,5,1,3
BRDA:48,6,0,8
BRDA:48,6,1,7
BRDA:49,7,0,8
BRDA:49,7,1,7
BRDA:59,8,0,3
BRDA:59,8,1,3
BRDA:66,9,0,0
BRDA:66,9,1,0
BRDA:66,10,0,0
BRDA:66,10,1,0
BRDA:77,11,0,0
BRDA:77,11,1,0
BRDA:78,12,0,0
BRDA:78,12,1,0
BRDA:97,13,0,0
BRDA:97,13,1,3
BRDA:97,14,0,3
BRDA:97,14,1,3
BRDA:97,14,2,3
BRDA:97,14,3,3
BRDA:97,14,4,3
BRDA:105,15,0,0
BRDA:105,15,1,3
BRDA:107,16,0,0
BRDA:107,16,1,0
BRDA:124,17,0,3
BRDA:124,17,1,0
BRDA:136,18,0,0
BRDA:136,18,1,1
BRDA:136,19,0,1
BRDA:136,19,1,1
BRDA:157,20,0,0
BRDA:157,20,1,1
BRDA:157,21,0,1
BRDA:157,21,1,0
BRDA:164,22,0,0
BRDA:164,22,1,1
BRDA:164,23,0,1
BRDA:164,23,1,0
BRDA:172,24,0,1
BRDA:172,24,1,1
BRDA:173,25,0,1
BRDA:173,25,1,1
BRDA:174,26,0,1
BRDA:174,26,1,1
BRDA:175,27,0,0
BRDA:175,27,1,1
BRDA:176,28,0,0
BRDA:176,28,1,1
BRDA:177,29,0,1
BRDA:177,29,1,1
BRDA:178,30,0,1
BRDA:178,30,1,0
BRDA:179,31,0,1
BRDA:179,31,1,1
BRDA:180,32,0,1
BRDA:180,32,1,1
BRDA:181,33,0,1
BRDA:181,33,1,1
BRDA:190,34,0,0
BRDA:190,34,1,0
BRDA:197,35,0,0
BRDA:197,35,1,0
BRF:75
BRH:46
end_of_record
TN:
SF:src\services\cart.service.js
FN:3,(anonymous_0)
FN:49,(anonymous_1)
FN:67,(anonymous_2)
FN:72,(anonymous_3)
FN:77,(anonymous_4)
FN:112,(anonymous_5)
FN:136,(anonymous_6)
FNF:7
FNH:0
FNDA:0,(anonymous_0)
FNDA:0,(anonymous_1)
FNDA:0,(anonymous_2)
FNDA:0,(anonymous_3)
FNDA:0,(anonymous_4)
FNDA:0,(anonymous_5)
FNDA:0,(anonymous_6)
DA:1,4
DA:3,4
DA:4,0
DA:6,0
DA:7,0
DA:8,0
DA:9,0
DA:10,0
DA:11,0
DA:14,0
DA:15,0
DA:16,0
DA:17,0
DA:18,0
DA:22,0
DA:28,0
DA:32,0
DA:34,0
DA:37,0
DA:40,0
DA:45,0
DA:49,4
DA:50,0
DA:63,0
DA:64,0
DA:67,0
DA:72,0
DA:74,0
DA:77,4
DA:78,0
DA:80,0
DA:81,0
DA:82,0
DA:83,0
DA:84,0
DA:85,0
DA:88,0
DA:92,0
DA:93,0
DA:94,0
DA:95,0
DA:96,0
DA:100,0
DA:101,0
DA:102,0
DA:103,0
DA:104,0
DA:105,0
DA:108,0
DA:109,0
DA:112,4
DA:113,0
DA:114,0
DA:115,0
DA:116,0
DA:117,0
DA:118,0
DA:121,0
DA:125,0
DA:126,0
DA:127,0
DA:128,0
DA:129,0
DA:132,0
DA:133,0
DA:136,4
DA:137,0
DA:138,0
DA:139,0
DA:141,0
LF:70
LH:6
BRDA:7,0,0,0
BRDA:7,0,1,0
BRDA:7,1,0,0
BRDA:7,1,1,0
BRDA:14,2,0,0
BRDA:14,2,1,0
BRDA:32,3,0,0
BRDA:32,3,1,0
BRDA:63,4,0,0
BRDA:63,4,1,0
BRDA:81,5,0,0
BRDA:81,5,1,0
BRDA:92,6,0,0
BRDA:92,6,1,0
BRDA:101,7,0,0
BRDA:101,7,1,0
BRDA:114,8,0,0
BRDA:114,8,1,0
BRDA:125,9,0,0
BRDA:125,9,1,0
BRDA:138,10,0,0
BRDA:138,10,1,0
BRF:22
BRH:0
end_of_record
TN:
SF:src\services\comment.service.js
FN:3,(anonymous_0)
FN:25,(anonymous_1)
FN:51,(anonymous_2)
FN:74,(anonymous_3)
FN:95,(anonymous_4)
FNF:5
FNH:0
FNDA:0,(anonymous_0)
FNDA:0,(anonymous_1)
FNDA:0,(anonymous_2)
FNDA:0,(anonymous_3)
FNDA:0,(anonymous_4)
DA:1,4
DA:3,4
DA:4,0
DA:7,0
DA:8,0
DA:9,0
DA:10,0
DA:11,0
DA:12,0
DA:15,0
DA:22,0
DA:25,4
DA:26,0
DA:27,0
DA:28,0
DA:30,0
DA:42,0
DA:51,4
DA:52,0
DA:54,0
DA:55,0
DA:56,0
DA:57,0
DA:58,0
DA:61,0
DA:62,0
DA:63,0
DA:64,0
DA:65,0
DA:68,0
DA:69,0
DA:71,0
DA:74,4
DA:75,0
DA:77,0
DA:78,0
DA:79,0
DA:80,0
DA:81,0
DA:84,0
DA:85,0
DA:86,0
DA:87,0
DA:88,0
DA:91,0
DA:92,0
DA:95,4
DA:96,0
DA:97,0
DA:98,0
DA:100,0
DA:117,0
LF:52
LH:6
BRDA:8,0,0,0
BRDA:8,0,1,0
BRDA:25,1,0,0
BRDA:26,2,0,0
BRDA:26,2,1,0
BRDA:27,3,0,0
BRDA:27,3,1,0
BRDA:54,4,0,0
BRDA:54,4,1,0
BRDA:61,5,0,0
BRDA:61,5,1,0
BRDA:77,6,0,0
BRDA:77,6,1,0
BRDA:84,7,0,0
BRDA:84,7,1,0
BRDA:95,8,0,0
BRDA:96,9,0,0
BRDA:96,9,1,0
BRDA:97,10,0,0
BRDA:97,10,1,0
BRF:20
BRH:0
end_of_record
TN:
SF:src\services\like.service.js
FN:4,(anonymous_0)
FN:31,(anonymous_1)
FNF:2
FNH:0
FNDA:0,(anonymous_0)
FNDA:0,(anonymous_1)
DA:1,4
DA:4,4
DA:5,0
DA:6,0
DA:7,0
DA:8,0
DA:9,0
DA:10,0
DA:13,0
DA:17,0
DA:19,0
DA:20,0
DA:21,0
DA:24,0
DA:25,0
DA:26,0
DA:31,4
DA:32,0
DA:33,0
DA:34,0
DA:35,0
DA:36,0
DA:37,0
DA:40,0
DA:44,0
DA:46,0
DA:47,0
DA:48,0
DA:51,0
DA:52,0
DA:53,0
LF:31
LH:3
BRDA:6,0,0,0
BRDA:6,0,1,0
BRDA:17,1,0,0
BRDA:17,1,1,0
BRDA:33,2,0,0
BRDA:33,2,1,0
BRDA:44,3,0,0
BRDA:44,3,1,0
BRF:8
BRH:0
end_of_record
TN:
SF:src\services\order.service.js
FN:3,(anonymous_0)
FN:11,(anonymous_1)
FN:87,(anonymous_2)
FN:117,(anonymous_3)
FN:151,(anonymous_4)
FN:197,(anonymous_5)
FNF:6
FNH:3
FNDA:1,(anonymous_0)
FNDA:1,(anonymous_1)
FNDA:1,(anonymous_2)
FNDA:0,(anonymous_3)
FNDA:0,(anonymous_4)
FNDA:0,(anonymous_5)
DA:1,4
DA:3,4
DA:4,1
DA:5,0
DA:6,0
DA:7,0
DA:8,0
DA:11,1
DA:12,1
DA:15,1
DA:25,1
DA:26,1
DA:30,1
DA:31,0
DA:32,0
DA:33,0
DA:34,0
DA:38,1
DA:39,0
DA:40,0
DA:41,0
DA:42,0
DA:45,1
DA:46,1
DA:49,1
DA:60,1
DA:67,1
DA:70,1
DA:83,1
DA:87,4
DA:88,1
DA:89,1
DA:90,1
DA:92,1
DA:108,1
DA:117,4
DA:118,0
DA:133,0
DA:134,0
DA:135,0
DA:136,0
DA:137,0
DA:141,0
DA:142,0
DA:143,0
DA:144,0
DA:145,0
DA:148,0
DA:151,4
DA:152,0
DA:154,0
DA:155,0
DA:156,0
DA:157,0
DA:158,0
DA:162,0
DA:168,0
DA:169,0
DA:170,0
DA:171,0
DA:172,0
DA:175,0
DA:178,0
DA:179,0
DA:183,0
DA:184,0
DA:185,0
DA:186,0
DA:193,0
DA:197,4
DA:198,0
DA:199,0
DA:200,0
DA:202,0
DA:203,0
DA:204,0
DA:207,0
DA:227,0
LF:78
LH:26
BRDA:4,0,0,0
BRDA:4,0,1,1
BRDA:4,1,0,1
BRDA:4,1,1,1
BRDA:30,2,0,0
BRDA:30,2,1,1
BRDA:30,3,0,1
BRDA:30,3,1,1
BRDA:38,4,0,0
BRDA:38,4,1,1
BRDA:87,5,0,0
BRDA:88,6,0,1
BRDA:88,6,1,1
BRDA:89,7,0,1
BRDA:89,7,1,1
BRDA:133,8,0,0
BRDA:133,8,1,0
BRDA:141,9,0,0
BRDA:141,9,1,0
BRDA:154,10,0,0
BRDA:154,10,1,0
BRDA:168,11,0,0
BRDA:168,11,1,0
BRDA:178,12,0,0
BRDA:178,12,1,0
BRDA:185,13,0,0
BRDA:185,13,1,0
BRDA:197,14,0,0
BRDA:198,15,0,0
BRDA:198,15,1,0
BRDA:199,16,0,0
BRDA:199,16,1,0
BRDA:203,17,0,0
BRDA:203,17,1,0
BRF:34
BRH:11
end_of_record
TN:
SF:src\services\review.service.js
FN:3,(anonymous_0)
FN:38,(anonymous_1)
FN:64,(anonymous_2)
FN:90,(anonymous_3)
FN:116,(anonymous_4)
FN:137,(anonymous_5)
FNF:6
FNH:0
FNDA:0,(anonymous_0)
FNDA:0,(anonymous_1)
FNDA:0,(anonymous_2)
FNDA:0,(anonymous_3)
FNDA:0,(anonymous_4)
FNDA:0,(anonymous_5)
DA:1,4
DA:3,4
DA:4,0
DA:7,0
DA:8,0
DA:9,0
DA:10,0
DA:11,0
DA:12,0
DA:16,0
DA:20,0
DA:21,0
DA:22,0
DA:23,0
DA:24,0
DA:27,0
DA:35,0
DA:38,4
DA:39,0
DA:40,0
DA:41,0
DA:43,0
DA:55,0
DA:64,4
DA:65,0
DA:80,0
DA:81,0
DA:82,0
DA:83,0
DA:84,0
DA:87,0
DA:90,4
DA:91,0
DA:93,0
DA:94,0
DA:95,0
DA:96,0
DA:97,0
DA:100,0
DA:101,0
DA:102,0
DA:103,0
DA:104,0
DA:107,0
DA:108,0
DA:113,0
DA:116,4
DA:117,0
DA:119,0
DA:120,0
DA:121,0
DA:122,0
DA:123,0
DA:126,0
DA:127,0
DA:128,0
DA:129,0
DA:130,0
DA:133,0
DA:134,0
DA:137,4
DA:138,0
DA:139,0
DA:140,0
DA:142,0
DA:154,0
LF:66
LH:7
BRDA:8,0,0,0
BRDA:8,0,1,0
BRDA:8,1,0,0
BRDA:8,1,1,0
BRDA:20,2,0,0
BRDA:20,2,1,0
BRDA:38,3,0,0
BRDA:39,4,0,0
BRDA:39,4,1,0
BRDA:40,5,0,0
BRDA:40,5,1,0
BRDA:80,6,0,0
BRDA:80,6,1,0
BRDA:93,7,0,0
BRDA:93,7,1,0
BRDA:100,8,0,0
BRDA:100,8,1,0
BRDA:109,9,0,0
BRDA:109,9,1,0
BRDA:110,10,0,0
BRDA:110,10,1,0
BRDA:119,11,0,0
BRDA:119,11,1,0
BRDA:126,12,0,0
BRDA:126,12,1,0
BRDA:137,13,0,0
BRDA:138,14,0,0
BRDA:138,14,1,0
BRDA:139,15,0,0
BRDA:139,15,1,0
BRF:30
BRH:0
end_of_record
TN:
SF:src\services\stats.service.js
FN:3,(anonymous_0)
FN:26,(anonymous_1)
FN:34,(anonymous_2)
FN:60,(anonymous_3)
FN:67,(anonymous_4)
FNF:5
FNH:0
FNDA:0,(anonymous_0)
FNDA:0,(anonymous_1)
FNDA:0,(anonymous_2)
FNDA:0,(anonymous_3)
FNDA:0,(anonymous_4)
DA:1,4
DA:3,4
DA:4,0
DA:5,0
DA:7,0
DA:23,0
DA:26,0
DA:34,4
DA:35,0
DA:36,0
DA:37,0
DA:38,0
DA:40,0
DA:55,0
DA:60,0
DA:67,4
DA:68,0
DA:69,0
DA:70,0
DA:71,0
DA:73,0
DA:75,0
DA:85,0
LF:23
LH:4
BRDA:90,0,0,0
BRDA:90,0,1,0
BRF:2
BRH:0
end_of_record
TN:
SF:src\services\user.service.js
FN:4,(anonymous_0)
FN:19,(anonymous_1)
FN:42,(anonymous_2)
FN:61,(anonymous_3)
FN:82,(anonymous_4)
FN:97,(anonymous_5)
FNF:6
FNH:3
FNDA:1,(anonymous_0)
FNDA:1,(anonymous_1)
FNDA:1,(anonymous_2)
FNDA:0,(anonymous_3)
FNDA:0,(anonymous_4)
FNDA:0,(anonymous_5)
DA:1,4
DA:2,4
DA:4,4
DA:5,1
DA:9,1
DA:10,0
DA:11,0
DA:12,0
DA:13,0
DA:16,1
DA:19,4
DA:20,1
DA:22,1
DA:23,0
DA:24,0
DA:25,0
DA:26,0
DA:30,1
DA:31,0
DA:32,0
DA:35,1
DA:38,1
DA:39,1
DA:42,4
DA:43,1
DA:45,1
DA:46,0
DA:47,0
DA:48,0
DA:49,0
DA:52,1
DA:57,1
DA:61,4
DA:62,0
DA:63,0
DA:64,0
DA:66,0
DA:73,0
DA:82,4
DA:83,0
DA:87,0
DA:88,0
DA:89,0
DA:90,0
DA:91,0
DA:94,0
DA:97,4
DA:98,0
DA:100,0
DA:101,0
DA:102,0
DA:103,0
DA:104,0
DA:107,0
DA:108,0
DA:109,0
DA:110,0
DA:111,0
DA:114,0
DA:119,0
LF:60
LH:21
BRDA:9,0,0,0
BRDA:9,0,1,1
BRDA:22,1,0,0
BRDA:22,1,1,1
BRDA:30,2,0,0
BRDA:30,2,1,1
BRDA:45,3,0,0
BRDA:45,3,1,1
BRDA:61,4,0,0
BRDA:62,5,0,0
BRDA:62,5,1,0
BRDA:63,6,0,0
BRDA:63,6,1,0
BRDA:87,7,0,0
BRDA:87,7,1,0
BRDA:100,8,0,0
BRDA:100,8,1,0
BRDA:107,9,0,0
BRDA:107,9,1,0
BRDA:116,10,0,0
BRDA:116,10,1,0
BRF:21
BRH:4
end_of_record
TN:
SF:src\services\wishlist.service.js
FN:3,(anonymous_0)
FN:27,(anonymous_1)
FN:46,(anonymous_2)
FN:67,(anonymous_3)
FNF:4
FNH:0
FNDA:0,(anonymous_0)
FNDA:0,(anonymous_1)
FNDA:0,(anonymous_2)
FNDA:0,(anonymous_3)
DA:1,4
DA:3,4
DA:4,0
DA:5,0
DA:6,0
DA:7,0
DA:8,0
DA:9,0
DA:12,0
DA:16,0
DA:17,0
DA:18,0
DA:19,0
DA:20,0
DA:23,0
DA:24,0
DA:27,4
DA:28,0
DA:29,0
DA:30,0
DA:32,0
DA:46,0
DA:47,0
DA:48,0
DA:58,0
DA:67,4
DA:68,0
DA:72,0
DA:73,0
DA:74,0
DA:75,0
DA:76,0
DA:79,0
DA:80,0
LF:34
LH:4
BRDA:5,0,0,0
BRDA:5,0,1,0
BRDA:5,1,0,0
BRDA:5,1,1,0
BRDA:16,2,0,0
BRDA:16,2,1,0
BRDA:27,3,0,0
BRDA:28,4,0,0
BRDA:28,4,1,0
BRDA:29,5,0,0
BRDA:29,5,1,0
BRDA:52,6,0,0
BRDA:52,6,1,0
BRDA:53,7,0,0
BRDA:53,7,1,0
BRDA:72,8,0,0
BRDA:72,8,1,0
BRF:17
BRH:0
end_of_record
TN:
SF:src\validators\auth.validator.js
FNF:0
FNH:0
DA:1,4
DA:6,4
DA:68,4
DA:87,4
LF:4
LH:4
BRF:0
BRH:0
end_of_record
TN:
SF:src\validators\book.validator.js
FNF:0
FNH:0
DA:1,4
DA:6,4
DA:97,4
LF:3
LH:3
BRF:0
BRH:0
end_of_record
TN:
SF:src\validators\user.validator.js
FNF:0
FNH:0
DA:1,4
DA:6,4
DA:60,4
LF:3
LH:3
BRF:0
BRH:0
end_of_record
TN:
SF:tests\helpers.js
FN:7,(anonymous_0)
FN:31,(anonymous_1)
FN:48,(anonymous_2)
FN:83,(anonymous_3)
FNF:4
FNH:4
FNDA:5,(anonymous_0)
FNDA:10,(anonymous_1)
FNDA:2,(anonymous_2)
FNDA:2,(anonymous_3)
DA:1,4
DA:3,4
DA:4,4
DA:5,4
DA:7,4
DA:8,5
DA:16,5
DA:20,5
DA:21,0
DA:22,0
DA:25,5
DA:31,4
DA:32,10
DA:36,10
DA:37,4
DA:38,4
DA:41,6
DA:48,4
DA:49,2
DA:50,2
DA:52,2
DA:53,2
DA:54,2
DA:56,2
DA:58,2
DA:59,2
DA:68,2
DA:69,0
DA:72,2
DA:73,2
DA:74,2
DA:75,2
DA:78,2
DA:83,4
DA:84,2
DA:96,2
DA:101,2
DA:102,0
DA:103,0
DA:106,2
DA:109,4
LF:41
LH:36
BRDA:7,0,0,5
BRDA:20,1,0,0
BRDA:20,1,1,5
BRDA:22,2,0,0
BRDA:22,2,1,0
BRDA:36,3,0,4
BRDA:36,3,1,6
BRDA:38,4,0,4
BRDA:38,4,1,0
BRDA:68,5,0,0
BRDA:68,5,1,2
BRDA:73,6,0,2
BRDA:73,6,1,0
BRDA:83,7,0,2
BRDA:101,8,0,0
BRDA:101,8,1,2
BRDA:103,9,0,0
BRDA:103,9,1,0
BRF:18
BRH:9
end_of_record
